19:01:32.259 [RMI TCP Connection(3)-127.0.0.1] DEBUG org.jboss.logging - Logging Provider: org.jboss.logging.Log4j2LoggerProvider
19:01:32.269 [RMI TCP Connection(3)-127.0.0.1] INFO  org.hibernate.validator.internal.util.Version - HV000001: Hibernate Validator 6.0.9.Final
19:01:32.289 [RMI TCP Connection(3)-127.0.0.1] DEBUG org.hibernate.validator.internal.engine.resolver.TraversableResolvers - Cannot find javax.persistence.Persistence on classpath. Assuming non JPA 2 environment. All properties will per default be traversable.
19:01:32.319 [RMI TCP Connection(3)-127.0.0.1] DEBUG org.hibernate.validator.messageinterpolation.ResourceBundleMessageInterpolator - Loaded expression factory via original TCCL
19:01:32.329 [RMI TCP Connection(3)-127.0.0.1] DEBUG org.hibernate.validator.internal.engine.ConfigurationImpl - Setting custom MessageInterpolator of type org.springframework.validation.beanvalidation.LocaleContextMessageInterpolator
19:01:32.329 [RMI TCP Connection(3)-127.0.0.1] DEBUG org.hibernate.validator.internal.engine.ConfigurationImpl - Setting custom ConstraintValidatorFactory of type org.springframework.validation.beanvalidation.SpringConstraintValidatorFactory
19:01:32.329 [RMI TCP Connection(3)-127.0.0.1] DEBUG org.hibernate.validator.internal.engine.ConfigurationImpl - Setting custom ParameterNameProvider of type com.sun.proxy.$Proxy33
19:01:32.339 [RMI TCP Connection(3)-127.0.0.1] DEBUG org.hibernate.validator.internal.xml.ValidationXmlParser - Trying to load META-INF/validation.xml for XML based Validator configuration.
19:01:32.339 [RMI TCP Connection(3)-127.0.0.1] DEBUG org.hibernate.validator.internal.xml.ResourceLoaderHelper - Trying to load META-INF/validation.xml via TCCL
19:01:32.339 [RMI TCP Connection(3)-127.0.0.1] DEBUG org.hibernate.validator.internal.xml.ResourceLoaderHelper - Trying to load META-INF/validation.xml via Hibernate Validator's class loader
19:01:32.339 [RMI TCP Connection(3)-127.0.0.1] DEBUG org.hibernate.validator.internal.xml.ValidationXmlParser - No META-INF/validation.xml found. Using annotation based configuration only.
19:01:32.624 [RMI TCP Connection(3)-127.0.0.1] DEBUG org.hibernate.validator.internal.engine.ValidatorFactoryImpl - HV000234: Using org.springframework.validation.beanvalidation.LocaleContextMessageInterpolator as ValidatorFactory-scoped message interpolator.
19:01:32.624 [RMI TCP Connection(3)-127.0.0.1] DEBUG org.hibernate.validator.internal.engine.ValidatorFactoryImpl - HV000234: Using org.hibernate.validator.internal.engine.resolver.TraverseAllTraversableResolver as ValidatorFactory-scoped traversable resolver.
19:01:32.624 [RMI TCP Connection(3)-127.0.0.1] DEBUG org.hibernate.validator.internal.engine.ValidatorFactoryImpl - HV000234: Using org.hibernate.validator.internal.util.ExecutableParameterNameProvider as ValidatorFactory-scoped parameter name provider.
19:01:32.624 [RMI TCP Connection(3)-127.0.0.1] DEBUG org.hibernate.validator.internal.engine.ValidatorFactoryImpl - HV000234: Using org.hibernate.validator.internal.engine.DefaultClockProvider as ValidatorFactory-scoped clock provider.
19:01:32.625 [RMI TCP Connection(3)-127.0.0.1] DEBUG org.hibernate.validator.internal.engine.ValidatorFactoryImpl - HV000234: Using org.hibernate.validator.internal.engine.scripting.DefaultScriptEvaluatorFactory as ValidatorFactory-scoped script evaluator factory.
10:46:20.389 [RMI TCP Connection(5)-127.0.0.1] INFO  org.hibernate.validator.internal.util.Version - HV000001: Hibernate Validator 6.0.9.Final
10:46:34.182 [http-nio-8080-exec-8] INFO  com.alibaba.druid.pool.DruidDataSource - {dataSource-1} inited
10:46:34.292 [http-nio-8080-exec-8] INFO  com.example.controller.Controller - submit called
10:46:34.430 [http-nio-8080-exec-9] INFO  com.example.controller.Controller - turnToUserInfo called
10:48:54.206 [RMI TCP Connection(9)-127.0.0.1] INFO  org.hibernate.validator.internal.util.Version - HV000001: Hibernate Validator 6.0.9.Final
10:49:16.952 [http-nio-8080-exec-6] INFO  com.alibaba.druid.pool.DruidDataSource - {dataSource-1} inited
10:49:17.043 [http-nio-8080-exec-6] INFO  com.example.controller.Controller - submit called
10:49:17.151 [http-nio-8080-exec-7] INFO  com.example.controller.Controller - turnToUserInfo called
10:49:19.544 [http-nio-8080-exec-4] INFO  com.example.controller.HomeController - queryList called
10:54:36.979 [http-nio-8080-exec-11] INFO  com.example.controller.HomeController - queryList called
10:55:57.052 [RMI TCP Connection(12)-127.0.0.1] INFO  org.hibernate.validator.internal.util.Version - HV000001: Hibernate Validator 6.0.9.Final
10:56:17.558 [http-nio-8080-exec-13] INFO  com.alibaba.druid.pool.DruidDataSource - {dataSource-1} inited
10:56:17.658 [http-nio-8080-exec-13] INFO  com.example.controller.Controller - submit called
10:56:17.779 [http-nio-8080-exec-11] INFO  com.example.controller.Controller - turnToUserInfo called
10:58:17.803 [RMI TCP Connection(15)-127.0.0.1] INFO  org.hibernate.validator.internal.util.Version - HV000001: Hibernate Validator 6.0.9.Final
10:58:45.898 [RMI TCP Connection(5)-127.0.0.1] INFO  org.hibernate.validator.internal.util.Version - HV000001: Hibernate Validator 6.0.9.Final
10:58:57.057 [http-nio-8080-exec-3] INFO  com.alibaba.druid.pool.DruidDataSource - {dataSource-1} inited
10:58:57.159 [http-nio-8080-exec-3] INFO  com.example.controller.Controller - submit called
10:58:57.265 [http-nio-8080-exec-5] INFO  com.example.controller.Controller - turnToUserInfo called
10:59:01.478 [http-nio-8080-exec-8] INFO  com.example.controller.HomeController - queryList called
10:59:34.899 [http-nio-8080-exec-1] INFO  com.example.controller.HomeController - queryList called
11:00:08.353 [http-nio-8080-exec-4] INFO  com.example.controller.Controller - turnToUserInfo called
11:00:13.376 [http-nio-8080-exec-5] INFO  com.example.controller.HomeController - queryList called
11:00:41.797 [http-nio-8080-exec-9] INFO  com.example.controller.Controller - turnToUserInfo called
11:00:42.878 [http-nio-8080-exec-10] INFO  com.example.controller.HomeController - queryList called
11:18:14.212 [RMI TCP Connection(2)-127.0.0.1] INFO  org.hibernate.validator.internal.util.Version - HV000001: Hibernate Validator 6.0.9.Final
11:18:23.062 [http-nio-8080-exec-4] INFO  com.alibaba.druid.pool.DruidDataSource - {dataSource-1} inited
11:18:23.156 [http-nio-8080-exec-4] INFO  com.example.controller.Controller - submit called
11:18:23.291 [http-nio-8080-exec-5] INFO  com.example.controller.Controller - turnToUserInfo called
11:18:26.950 [http-nio-8080-exec-9] INFO  com.example.controller.HomeController - queryList called
11:40:39.977 [RMI TCP Connection(2)-127.0.0.1] INFO  org.hibernate.validator.internal.util.Version - HV000001: Hibernate Validator 6.0.9.Final
11:40:50.838 [http-nio-8080-exec-4] INFO  com.alibaba.druid.pool.DruidDataSource - {dataSource-1} inited
11:40:50.964 [http-nio-8080-exec-4] INFO  com.example.controller.Controller - submit called
11:40:51.085 [http-nio-8080-exec-5] INFO  com.example.controller.Controller - turnToUserInfo called
11:40:53.228 [http-nio-8080-exec-7] INFO  com.example.controller.HomeController - queryList called
11:40:54.481 [http-nio-8080-exec-3] INFO  com.example.controller.HomeController - queryList called
11:40:54.994 [http-nio-8080-exec-4] INFO  com.example.controller.HomeController - queryList called
11:40:55.170 [http-nio-8080-exec-5] INFO  com.example.controller.HomeController - queryList called
11:40:55.345 [http-nio-8080-exec-6] INFO  com.example.controller.HomeController - queryList called
11:40:55.521 [http-nio-8080-exec-9] INFO  com.example.controller.HomeController - queryList called
11:40:55.695 [http-nio-8080-exec-2] INFO  com.example.controller.HomeController - queryList called
11:40:55.872 [http-nio-8080-exec-10] INFO  com.example.controller.HomeController - queryList called
11:40:56.053 [http-nio-8080-exec-8] INFO  com.example.controller.HomeController - queryList called
11:40:56.402 [http-nio-8080-exec-1] INFO  com.example.controller.HomeController - queryList called
11:40:56.791 [http-nio-8080-exec-7] INFO  com.example.controller.HomeController - queryList called
11:40:57.168 [http-nio-8080-exec-3] INFO  com.example.controller.HomeController - queryList called
11:42:06.963 [RMI TCP Connection(5)-127.0.0.1] INFO  org.hibernate.validator.internal.util.Version - HV000001: Hibernate Validator 6.0.9.Final
11:42:11.999 [http-nio-8080-exec-3] INFO  com.alibaba.druid.pool.DruidDataSource - {dataSource-1} inited
11:42:12.090 [http-nio-8080-exec-3] INFO  com.example.controller.HomeController - queryList called
11:42:12.228 [http-nio-8080-exec-10] INFO  com.example.controller.HomeController - queryList called
11:42:12.281 [http-nio-8080-exec-9] INFO  com.example.controller.HomeController - queryList called
11:42:12.345 [http-nio-8080-exec-6] INFO  com.example.controller.HomeController - queryList called
11:42:18.586 [http-nio-8080-exec-4] INFO  com.example.controller.Controller - submit called
11:42:18.605 [http-nio-8080-exec-7] INFO  com.example.controller.Controller - turnToUserInfo called
11:42:21.072 [http-nio-8080-exec-5] INFO  com.example.controller.HomeController - queryList called
11:47:29.518 [http-nio-8080-exec-12] INFO  com.example.controller.Controller - turnToUserInfo called
11:47:32.800 [http-nio-8080-exec-14] INFO  com.example.controller.HomeController - queryList called
11:48:10.382 [http-nio-8080-exec-11] INFO  com.example.controller.HomeController - queryList called
11:48:11.350 [http-nio-8080-exec-16] INFO  com.example.controller.HomeController - queryList called
11:48:15.071 [http-nio-8080-exec-17] INFO  com.example.controller.Controller - turnToUserInfo called
11:48:16.929 [http-nio-8080-exec-19] INFO  com.example.controller.HomeController - queryList called
11:50:10.642 [http-nio-8080-exec-12] INFO  com.example.controller.Controller - turnToUserInfo called
11:50:11.677 [http-nio-8080-exec-14] INFO  com.example.controller.HomeController - queryList called
11:50:22.590 [http-nio-8080-exec-15] INFO  com.example.controller.HomeController - queryList called
11:50:34.930 [http-nio-8080-exec-11] INFO  com.example.controller.HomeController - queryList called
11:51:53.041 [http-nio-8080-exec-13] INFO  com.example.controller.Controller - turnToUserInfo called
11:51:54.223 [http-nio-8080-exec-15] INFO  com.example.controller.HomeController - queryList called
14:56:22.620 [http-nio-8080-exec-17] INFO  com.example.controller.Controller - submit called
14:56:22.655 [http-nio-8080-exec-18] INFO  com.example.controller.Controller - turnToUserInfo called
14:56:40.629 [http-nio-8080-exec-12] INFO  com.example.controller.Controller - turnToUserInfo called
14:56:55.225 [http-nio-8080-exec-13] INFO  com.example.controller.Controller - turnToUserInfo called
14:57:19.642 [http-nio-8080-exec-11] INFO  com.example.controller.Controller - turnToUserInfo called
14:57:21.191 [http-nio-8080-exec-17] INFO  com.example.controller.HomeController - queryList called
14:58:07.235 [http-nio-8080-exec-19] INFO  com.example.controller.HomeController - queryList called
14:59:39.085 [http-nio-8080-exec-17] INFO  com.example.controller.HomeController - queryList called
14:59:39.135 [http-nio-8080-exec-18] INFO  com.example.controller.HomeController - queryList called
15:06:55.878 [http-nio-8080-exec-20] INFO  com.example.controller.Controller - submit called
15:06:55.916 [http-nio-8080-exec-14] INFO  com.example.controller.Controller - turnToUserInfo called
15:06:57.345 [http-nio-8080-exec-16] INFO  com.example.controller.HomeController - queryList called
15:09:51.910 [http-nio-8080-exec-14] INFO  com.example.controller.Controller - submit called
15:09:51.993 [http-nio-8080-exec-16] INFO  com.example.controller.Controller - turnToUserInfo called
15:09:57.562 [http-nio-8080-exec-19] INFO  com.example.controller.HomeController - queryList called
15:20:19.132 [http-nio-8080-exec-20] INFO  com.example.controller.Controller - turnToUserInfo called
15:20:21.945 [http-nio-8080-exec-13] INFO  com.example.controller.HomeController - queryList called
15:20:22.001 [http-nio-8080-exec-15] INFO  com.example.controller.HomeController - queryList called
15:20:22.116 [http-nio-8080-exec-11] INFO  com.example.controller.HomeController - queryList called
15:20:22.320 [http-nio-8080-exec-14] INFO  com.example.controller.HomeController - queryList called
15:20:22.517 [http-nio-8080-exec-16] INFO  com.example.controller.HomeController - queryList called
15:20:22.699 [http-nio-8080-exec-18] INFO  com.example.controller.HomeController - queryList called
15:20:22.876 [http-nio-8080-exec-19] INFO  com.example.controller.HomeController - queryList called
15:20:23.050 [http-nio-8080-exec-12] INFO  com.example.controller.HomeController - queryList called
15:20:23.221 [http-nio-8080-exec-20] INFO  com.example.controller.HomeController - queryList called
15:20:23.397 [http-nio-8080-exec-17] INFO  com.example.controller.HomeController - queryList called
15:20:23.588 [http-nio-8080-exec-13] INFO  com.example.controller.HomeController - queryList called
15:20:49.301 [http-nio-8080-exec-11] INFO  com.example.controller.Controller - turnToUserInfo called
15:20:50.726 [http-nio-8080-exec-16] INFO  com.example.controller.HomeController - queryList called
15:21:19.161 [http-nio-8080-exec-19] INFO  com.example.controller.HomeController - queryList called
15:21:26.663 [http-nio-8080-exec-12] INFO  com.example.controller.HomeController - queryList called
15:21:27.044 [http-nio-8080-exec-20] INFO  com.example.controller.HomeController - queryList called
15:21:27.242 [http-nio-8080-exec-17] INFO  com.example.controller.HomeController - queryList called
15:21:27.428 [http-nio-8080-exec-13] INFO  com.example.controller.HomeController - queryList called
15:21:27.614 [http-nio-8080-exec-15] INFO  com.example.controller.HomeController - queryList called
15:21:27.802 [http-nio-8080-exec-11] INFO  com.example.controller.HomeController - queryList called
15:21:27.981 [http-nio-8080-exec-14] INFO  com.example.controller.HomeController - queryList called
15:21:28.169 [http-nio-8080-exec-16] INFO  com.example.controller.HomeController - queryList called
15:21:28.367 [http-nio-8080-exec-18] INFO  com.example.controller.HomeController - queryList called
15:21:28.578 [http-nio-8080-exec-19] INFO  com.example.controller.HomeController - queryList called
15:21:28.773 [http-nio-8080-exec-12] INFO  com.example.controller.HomeController - queryList called
15:21:28.980 [http-nio-8080-exec-20] INFO  com.example.controller.HomeController - queryList called
15:21:29.166 [http-nio-8080-exec-17] INFO  com.example.controller.HomeController - queryList called
15:21:29.355 [http-nio-8080-exec-13] INFO  com.example.controller.HomeController - queryList called
15:21:29.554 [http-nio-8080-exec-15] INFO  com.example.controller.HomeController - queryList called
15:21:29.739 [http-nio-8080-exec-11] INFO  com.example.controller.HomeController - queryList called
15:21:29.925 [http-nio-8080-exec-14] INFO  com.example.controller.HomeController - queryList called
15:21:30.113 [http-nio-8080-exec-16] INFO  com.example.controller.HomeController - queryList called
15:21:30.290 [http-nio-8080-exec-18] INFO  com.example.controller.HomeController - queryList called
15:21:30.479 [http-nio-8080-exec-19] INFO  com.example.controller.HomeController - queryList called
15:21:30.631 [http-nio-8080-exec-12] INFO  com.example.controller.HomeController - queryList called
15:21:30.847 [http-nio-8080-exec-20] INFO  com.example.controller.HomeController - queryList called
15:21:31.050 [http-nio-8080-exec-17] INFO  com.example.controller.HomeController - queryList called
15:21:31.249 [http-nio-8080-exec-13] INFO  com.example.controller.HomeController - queryList called
15:21:31.437 [http-nio-8080-exec-15] INFO  com.example.controller.HomeController - queryList called
15:21:31.620 [http-nio-8080-exec-11] INFO  com.example.controller.HomeController - queryList called
15:21:31.814 [http-nio-8080-exec-14] INFO  com.example.controller.HomeController - queryList called
15:21:32.014 [http-nio-8080-exec-16] INFO  com.example.controller.HomeController - queryList called
15:21:32.189 [http-nio-8080-exec-18] INFO  com.example.controller.HomeController - queryList called
15:21:32.376 [http-nio-8080-exec-19] INFO  com.example.controller.HomeController - queryList called
15:21:32.564 [http-nio-8080-exec-12] INFO  com.example.controller.HomeController - queryList called
15:21:32.763 [http-nio-8080-exec-20] INFO  com.example.controller.HomeController - queryList called
15:21:32.958 [http-nio-8080-exec-17] INFO  com.example.controller.HomeController - queryList called
15:21:33.170 [http-nio-8080-exec-13] INFO  com.example.controller.HomeController - queryList called
15:21:33.348 [http-nio-8080-exec-15] INFO  com.example.controller.HomeController - queryList called
15:21:33.548 [http-nio-8080-exec-11] INFO  com.example.controller.HomeController - queryList called
15:21:33.735 [http-nio-8080-exec-14] INFO  com.example.controller.HomeController - queryList called
15:21:33.902 [http-nio-8080-exec-16] INFO  com.example.controller.HomeController - queryList called
15:21:34.099 [http-nio-8080-exec-18] INFO  com.example.controller.HomeController - queryList called
15:21:34.304 [http-nio-8080-exec-19] INFO  com.example.controller.HomeController - queryList called
15:21:34.465 [http-nio-8080-exec-12] INFO  com.example.controller.HomeController - queryList called
15:21:34.675 [http-nio-8080-exec-20] INFO  com.example.controller.HomeController - queryList called
15:21:37.738 [http-nio-8080-exec-17] INFO  com.example.controller.HomeController - queryList called
15:21:37.967 [http-nio-8080-exec-13] INFO  com.example.controller.HomeController - queryList called
15:21:38.171 [http-nio-8080-exec-15] INFO  com.example.controller.HomeController - queryList called
15:21:38.371 [http-nio-8080-exec-11] INFO  com.example.controller.HomeController - queryList called
15:21:38.572 [http-nio-8080-exec-14] INFO  com.example.controller.HomeController - queryList called
15:21:38.824 [http-nio-8080-exec-16] INFO  com.example.controller.HomeController - queryList called
15:21:39.083 [http-nio-8080-exec-18] INFO  com.example.controller.HomeController - queryList called
15:21:39.290 [http-nio-8080-exec-19] INFO  com.example.controller.HomeController - queryList called
15:21:39.567 [http-nio-8080-exec-12] INFO  com.example.controller.HomeController - queryList called
15:21:39.786 [http-nio-8080-exec-20] INFO  com.example.controller.HomeController - queryList called
15:21:40.003 [http-nio-8080-exec-17] INFO  com.example.controller.HomeController - queryList called
15:21:40.208 [http-nio-8080-exec-13] INFO  com.example.controller.HomeController - queryList called
15:21:40.405 [http-nio-8080-exec-15] INFO  com.example.controller.HomeController - queryList called
15:21:40.574 [http-nio-8080-exec-11] INFO  com.example.controller.HomeController - queryList called
15:21:40.768 [http-nio-8080-exec-14] INFO  com.example.controller.HomeController - queryList called
15:21:40.952 [http-nio-8080-exec-16] INFO  com.example.controller.HomeController - queryList called
15:21:41.158 [http-nio-8080-exec-18] INFO  com.example.controller.HomeController - queryList called
15:21:41.353 [http-nio-8080-exec-19] INFO  com.example.controller.HomeController - queryList called
15:21:41.539 [http-nio-8080-exec-12] INFO  com.example.controller.HomeController - queryList called
15:21:41.754 [http-nio-8080-exec-20] INFO  com.example.controller.HomeController - queryList called
15:22:31.331 [http-nio-8080-exec-13] INFO  com.example.controller.HomeController - queryList called
15:23:05.169 [http-nio-8080-exec-11] INFO  com.example.controller.Controller - turnToUserInfo called
15:23:06.319 [http-nio-8080-exec-16] INFO  com.example.controller.HomeController - queryList called
15:30:11.538 [http-nio-8080-exec-19] INFO  com.example.controller.Controller - turnToUserInfo called
15:32:25.787 [http-nio-8080-exec-17] INFO  com.example.controller.Controller - turnToUserInfo called
15:34:29.693 [http-nio-8080-exec-11] INFO  com.example.controller.Controller - turnToUserInfo called
16:10:58.042 [http-nio-8080-exec-19] INFO  com.example.controller.Controller - submit called
16:10:58.084 [http-nio-8080-exec-12] INFO  com.example.controller.Controller - turnToUserInfo called
16:10:59.173 [http-nio-8080-exec-17] INFO  com.example.controller.HomeController - queryList called
16:11:27.643 [http-nio-8080-exec-15] INFO  com.example.controller.Controller - turnToUserInfo called
16:11:28.814 [http-nio-8080-exec-14] INFO  com.example.controller.HomeController - queryList called
08:51:55.875 [RMI TCP Connection(3)-127.0.0.1] INFO  org.hibernate.validator.internal.util.Version - HV000001: Hibernate Validator 6.0.9.Final
08:52:21.164 [http-nio-8080-exec-8] INFO  com.example.controller.HomeController - queryList called
08:52:22.251 [http-nio-8080-exec-8] INFO  com.alibaba.druid.pool.DruidDataSource - {dataSource-1} inited
08:54:30.252 [http-nio-8080-exec-3] INFO  com.example.controller.HomeController - queryList called
08:54:42.754 [http-nio-8080-exec-4] INFO  com.example.controller.HomeController - queryList called
08:59:46.354 [http-nio-8080-exec-1] INFO  com.example.controller.SubmitController - submit called
09:00:40.522 [http-nio-8080-exec-2] INFO  com.example.controller.HomeController - queryList called
09:01:06.941 [http-nio-8080-exec-6] INFO  com.example.controller.SubmitController - submit called
09:01:32.044 [http-nio-8080-exec-9] INFO  com.example.controller.SubmitController - submit called
09:01:50.794 [http-nio-8080-exec-3] INFO  com.example.controller.SubmitController - submit called
09:02:07.876 [RMI TCP Connection(7)-127.0.0.1] INFO  org.hibernate.validator.internal.util.Version - HV000001: Hibernate Validator 6.0.9.Final
09:02:57.880 [http-nio-8080-exec-13] INFO  com.alibaba.druid.pool.DruidDataSource - {dataSource-1} inited
09:02:57.990 [http-nio-8080-exec-13] INFO  com.example.controller.SubmitController - submit called
09:02:58.076 [http-nio-8080-exec-3] INFO  com.example.controller.SubmitController - turnToUserInfo called
09:04:49.298 [http-nio-8080-exec-17] INFO  com.example.controller.SubmitController - turnToUserInfo called
09:05:35.821 [http-nio-8080-exec-19] INFO  com.example.controller.SubmitController - turnToUserInfo called
09:07:57.968 [http-nio-8080-exec-15] INFO  com.example.controller.SubmitController - turnToUserInfo called
09:07:59.534 [http-nio-8080-exec-12] INFO  com.example.controller.HomeController - queryList called
09:08:46.407 [http-nio-8080-exec-13] INFO  com.example.controller.HomeController - queryList called
09:09:14.576 [http-nio-8080-exec-18] INFO  com.example.controller.SubmitController - submit called
09:09:14.599 [http-nio-8080-exec-19] INFO  com.example.controller.SubmitController - turnToUserInfo called
09:09:21.582 [http-nio-8080-exec-15] INFO  com.example.controller.HomeController - queryList called
09:11:48.101 [http-nio-8080-exec-14] INFO  com.example.controller.HomeController - queryList called
10:17:43.350 [http-nio-8080-exec-19] INFO  com.example.controller.SubmitController - submit called
10:17:43.395 [http-nio-8080-exec-20] INFO  com.example.controller.SubmitController - turnToUserInfo called
10:17:44.816 [http-nio-8080-exec-12] INFO  com.example.controller.HomeController - queryList called
10:18:32.004 [http-nio-8080-exec-16] INFO  com.example.controller.HomeController - queryList called
10:19:44.042 [http-nio-8080-exec-19] INFO  com.example.controller.HomeController - queryList called
10:22:49.850 [http-nio-8080-exec-15] INFO  com.example.controller.HomeController - queryList called
10:32:25.205 [http-nio-8080-exec-13] INFO  com.example.controller.HomeController - queryList called
10:36:09.697 [http-nio-8080-exec-18] INFO  com.example.controller.HomeController - queryList called
10:37:13.034 [http-nio-8080-exec-12] INFO  com.example.controller.HomeController - queryList called
10:38:04.311 [http-nio-8080-exec-14] INFO  com.example.controller.HomeController - queryList called
10:48:22.480 [http-nio-8080-exec-17] INFO  com.example.controller.HomeController - queryList called
10:51:07.297 [http-nio-8080-exec-20] INFO  com.example.controller.HomeController - queryList called
11:03:36.799 [http-nio-8080-exec-11] INFO  com.example.controller.HomeController - queryList called
11:06:01.575 [http-nio-8080-exec-16] INFO  com.example.controller.HomeController - queryList called
11:07:14.601 [http-nio-8080-exec-19] INFO  com.example.controller.HomeController - queryList called
11:07:54.412 [http-nio-8080-exec-15] INFO  com.example.controller.HomeController - queryList called
11:09:08.813 [http-nio-8080-exec-13] INFO  com.example.controller.HomeController - queryList called
11:20:48.298 [http-nio-8080-exec-18] INFO  com.example.controller.HomeController - queryList called
15:20:54.217 [http-nio-8080-exec-11] INFO  com.example.controller.SubmitController - submit called
15:20:54.264 [http-nio-8080-exec-14] INFO  com.example.controller.SubmitController - turnToUserInfo called
15:20:56.397 [http-nio-8080-exec-13] INFO  com.example.controller.HomeController - queryList called
15:28:02.883 [http-nio-8080-exec-18] INFO  com.example.controller.HomeController - queryList called
15:30:19.983 [http-nio-8080-exec-12] INFO  com.example.controller.HomeController - queryList called
15:31:04.870 [http-nio-8080-exec-14] INFO  com.example.controller.HomeController - queryList called
15:31:12.941 [http-nio-8080-exec-16] INFO  com.example.controller.HomeController - queryList called
15:51:27.809 [http-nio-8080-exec-19] INFO  com.example.controller.HomeController - queryList called
09:46:20.057 [RMI TCP Connection(2)-127.0.0.1] INFO  org.hibernate.validator.internal.util.Version - HV000001: Hibernate Validator 6.0.9.Final
09:46:32.707 [http-nio-8080-exec-8] INFO  com.alibaba.druid.pool.DruidDataSource - {dataSource-1} inited
09:46:32.819 [http-nio-8080-exec-8] INFO  com.example.controller.SubmitController - submit called
09:46:32.976 [http-nio-8080-exec-9] INFO  com.example.controller.SubmitController - turnToUserInfo called
09:46:34.860 [http-nio-8080-exec-1] INFO  com.example.controller.HomeController - queryList called
09:47:56.753 [http-nio-8080-exec-5] INFO  com.example.controller.HomeController - queryList called
09:48:26.553 [http-nio-8080-exec-9] INFO  com.example.controller.HomeController - queryList called
09:50:23.228 [http-nio-8080-exec-2] INFO  com.example.controller.HomeController - queryList called
09:51:58.382 [http-nio-8080-exec-6] INFO  com.example.controller.HomeController - queryList called
09:52:39.214 [http-nio-8080-exec-8] INFO  com.example.controller.HomeController - queryList called
09:57:16.808 [http-nio-8080-exec-1] INFO  com.example.controller.HomeController - queryList called
10:03:34.221 [http-nio-8080-exec-4] INFO  com.example.controller.HomeController - queryList called
10:04:18.044 [http-nio-8080-exec-7] INFO  com.example.controller.HomeController - queryList called
10:06:11.340 [http-nio-8080-exec-10] INFO  com.example.controller.HomeController - queryList called
10:08:02.907 [http-nio-8080-exec-3] INFO  com.example.controller.HomeController - queryList called
10:09:03.183 [http-nio-8080-exec-5] INFO  com.example.controller.HomeController - queryList called
10:10:16.498 [http-nio-8080-exec-9] INFO  com.example.controller.HomeController - queryList called
10:11:18.925 [http-nio-8080-exec-2] INFO  com.example.controller.HomeController - queryList called
10:12:24.047 [http-nio-8080-exec-6] INFO  com.example.controller.HomeController - queryList called
10:13:26.006 [http-nio-8080-exec-8] INFO  com.example.controller.HomeController - queryList called
10:17:25.295 [http-nio-8080-exec-1] INFO  com.example.controller.HomeController - queryList called
10:22:38.159 [http-nio-8080-exec-4] INFO  com.example.controller.HomeController - queryList called
10:26:31.379 [http-nio-8080-exec-7] INFO  com.example.controller.HomeController - queryList called
10:26:44.925 [http-nio-8080-exec-9] INFO  com.example.controller.HomeController - queryList called
10:26:53.425 [http-nio-8080-exec-10] INFO  com.example.controller.HomeController - queryList called
10:26:56.381 [http-nio-8080-exec-1] INFO  com.example.controller.HomeController - queryList called
10:27:04.876 [http-nio-8080-exec-3] INFO  com.example.controller.HomeController - queryList called
10:30:24.436 [RMI TCP Connection(6)-127.0.0.1] INFO  org.hibernate.validator.internal.util.Version - HV000001: Hibernate Validator 6.0.9.Final
10:30:40.849 [http-nio-8080-exec-5] INFO  com.alibaba.druid.pool.DruidDataSource - {dataSource-1} inited
10:30:41.033 [http-nio-8080-exec-5] INFO  com.example.controller.SubmitController - submit called
10:30:41.173 [http-nio-8080-exec-6] INFO  com.example.controller.SubmitController - turnToUserInfo called
10:30:43.833 [http-nio-8080-exec-10] INFO  com.example.controller.HomeController - queryList called
10:31:02.518 [http-nio-8080-exec-1] INFO  com.example.controller.HomeController - queryList called
10:35:27.798 [http-nio-8080-exec-3] INFO  com.example.controller.HomeController - queryList called
10:37:28.712 [http-nio-8080-exec-9] INFO  com.example.controller.HomeController - queryList called
10:46:27.685 [http-nio-8080-exec-10] INFO  com.example.controller.HomeController - queryList called
10:55:22.872 [http-nio-8080-exec-4] INFO  com.example.controller.HomeController - queryList called
11:01:52.789 [http-nio-8080-exec-9] INFO  com.example.controller.HomeController - queryList called
11:04:56.150 [http-nio-8080-exec-2] INFO  com.example.controller.HomeController - queryList called
11:05:25.872 [http-nio-8080-exec-8] INFO  com.example.controller.HomeController - queryList called
11:17:32.563 [http-nio-8080-exec-7] INFO  com.example.controller.HomeController - queryList called
11:18:49.818 [http-nio-8080-exec-1] INFO  com.example.controller.HomeController - queryList called
11:20:46.159 [http-nio-8080-exec-3] INFO  com.example.controller.HomeController - queryList called
11:24:00.528 [http-nio-8080-exec-4] INFO  com.example.controller.HomeController - queryList called
11:32:07.026 [http-nio-8080-exec-5] INFO  com.example.controller.HomeController - queryList called
11:33:02.081 [http-nio-8080-exec-6] INFO  com.example.controller.SubmitController - submit called
11:33:02.116 [http-nio-8080-exec-5] INFO  com.example.controller.SubmitController - turnToUserInfo called
11:33:04.488 [http-nio-8080-exec-8] INFO  com.example.controller.HomeController - queryList called
11:35:23.606 [http-nio-8080-exec-2] INFO  com.example.controller.HomeController - queryList called
11:38:14.901 [http-nio-8080-exec-9] INFO  com.example.controller.HomeController - queryList called
11:47:26.295 [http-nio-8080-exec-2] INFO  com.example.controller.HomeController - queryList called
11:50:04.899 [http-nio-8080-exec-8] INFO  com.example.controller.HomeController - queryList called
11:52:08.484 [http-nio-8080-exec-10] INFO  com.example.controller.HomeController - queryList called
11:54:05.624 [http-nio-8080-exec-7] INFO  com.example.controller.HomeController - queryList called
11:54:27.935 [http-nio-8080-exec-5] INFO  com.example.controller.HomeController - queryList called
11:54:41.769 [http-nio-8080-exec-1] INFO  com.example.controller.HomeController - queryList called
13:35:40.683 [http-nio-8080-exec-7] INFO  com.example.controller.SubmitController - submit called
13:35:40.705 [http-nio-8080-exec-2] INFO  com.example.controller.SubmitController - turnToUserInfo called
13:35:42.317 [http-nio-8080-exec-6] INFO  com.example.controller.HomeController - queryList called
13:36:27.472 [http-nio-8080-exec-1] INFO  com.example.controller.HomeController - queryList called
13:38:11.353 [http-nio-8080-exec-9] INFO  com.example.controller.HomeController - queryList called
13:44:52.725 [http-nio-8080-exec-2] INFO  com.example.controller.HomeController - queryList called
13:47:20.858 [http-nio-8080-exec-8] INFO  com.example.controller.HomeController - queryList called
13:54:32.045 [http-nio-8080-exec-10] INFO  com.example.controller.HomeController - queryList called
13:57:11.532 [http-nio-8080-exec-7] INFO  com.example.controller.HomeController - queryList called
14:00:33.098 [http-nio-8080-exec-5] INFO  com.example.controller.HomeController - queryList called
14:02:31.693 [http-nio-8080-exec-1] INFO  com.example.controller.HomeController - queryList called
14:15:19.572 [http-nio-8080-exec-3] INFO  com.example.controller.HomeController - queryList called
14:19:49.506 [http-nio-8080-exec-3] INFO  com.example.controller.HomeController - queryList called
14:20:05.365 [http-nio-8080-exec-9] INFO  com.example.controller.HomeController - queryList called
14:22:31.533 [http-nio-8080-exec-2] INFO  com.example.controller.HomeController - queryList called
14:34:35.371 [http-nio-8080-exec-9] INFO  com.example.controller.SubmitController - submit called
14:34:35.420 [http-nio-8080-exec-4] INFO  com.example.controller.SubmitController - turnToUserInfo called
14:34:38.129 [http-nio-8080-exec-2] INFO  com.example.controller.HomeController - queryList called
14:42:26.216 [http-nio-8080-exec-10] INFO  com.example.controller.HomeController - queryList called
14:42:37.553 [http-nio-8080-exec-3] INFO  com.example.controller.HomeController - queryList called
14:51:02.791 [http-nio-8080-exec-4] INFO  com.example.controller.HomeController - queryList called
14:52:51.126 [http-nio-8080-exec-7] INFO  com.example.controller.HomeController - queryList called
14:58:09.951 [http-nio-8080-exec-10] INFO  com.example.controller.HomeController - queryList called
15:04:55.998 [http-nio-8080-exec-9] INFO  com.example.controller.HomeController - queryList called
15:05:49.475 [http-nio-8080-exec-2] INFO  com.example.controller.HomeController - queryList called
15:10:28.186 [http-nio-8080-exec-6] INFO  com.example.controller.HomeController - queryList called
15:10:49.206 [http-nio-8080-exec-4] INFO  com.example.controller.HomeController - queryList called
15:17:26.143 [RMI TCP Connection(4)-127.0.0.1] INFO  org.hibernate.validator.internal.util.Version - HV000001: Hibernate Validator 6.0.9.Final
15:17:40.424 [http-nio-8080-exec-8] INFO  com.alibaba.druid.pool.DruidDataSource - {dataSource-1} inited
15:17:40.523 [http-nio-8080-exec-8] INFO  com.example.controller.SubmitController - submit called
15:17:40.628 [http-nio-8080-exec-10] INFO  com.example.controller.SubmitController - turnToUserInfo called
15:17:43.389 [http-nio-8080-exec-4] INFO  com.example.controller.HomeController - queryList called
15:21:23.830 [http-nio-8080-exec-2] INFO  com.example.controller.HomeController - queryList called
15:21:47.408 [http-nio-8080-exec-1] INFO  com.example.controller.HomeController - queryList called
15:22:47.246 [http-nio-8080-exec-5] INFO  com.example.controller.HomeController - queryList called
15:27:51.003 [http-nio-8080-exec-8] INFO  com.example.controller.HomeController - queryList called
15:29:01.478 [http-nio-8080-exec-7] INFO  com.example.controller.HomeController - queryList called
15:32:03.380 [http-nio-8080-exec-10] INFO  com.example.controller.HomeController - queryList called
15:32:49.969 [http-nio-8080-exec-6] INFO  com.example.controller.HomeController - queryList called
15:41:20.351 [http-nio-8080-exec-1] INFO  com.example.controller.HomeController - queryList called
15:45:32.038 [http-nio-8080-exec-9] INFO  com.example.controller.HomeController - queryList called
15:48:07.617 [http-nio-8080-exec-4] INFO  com.example.controller.HomeController - queryList called
15:48:57.214 [http-nio-8080-exec-3] INFO  com.example.controller.HomeController - queryList called
15:53:06.771 [http-nio-8080-exec-2] INFO  com.example.controller.HomeController - queryList called
15:53:42.038 [http-nio-8080-exec-5] INFO  com.example.controller.HomeController - queryList called
15:55:05.407 [http-nio-8080-exec-8] INFO  com.example.controller.HomeController - queryList called
15:57:44.699 [http-nio-8080-exec-7] INFO  com.example.controller.HomeController - queryList called
16:08:20.371 [http-nio-8080-exec-10] INFO  com.example.controller.HomeController - queryList called
16:09:25.656 [http-nio-8080-exec-6] INFO  com.example.controller.HomeController - queryList called
18:14:54.972 [RMI TCP Connection(2)-127.0.0.1] INFO  org.hibernate.validator.internal.util.Version - HV000001: Hibernate Validator 6.0.9.Final
18:17:18.512 [http-nio-8080-exec-2] INFO  com.alibaba.druid.pool.DruidDataSource - {dataSource-1} inited
18:17:18.662 [http-nio-8080-exec-2] INFO  com.example.controller.SubmitController - submit called
18:17:18.796 [http-nio-8080-exec-5] INFO  com.example.controller.SubmitController - turnToUserInfo called
18:18:23.225 [http-nio-8080-exec-1] INFO  com.example.controller.SubmitController - submit called
18:18:23.256 [http-nio-8080-exec-2] INFO  com.example.controller.SubmitController - turnToUserInfo called
18:19:45.369 [RMI TCP Connection(5)-127.0.0.1] INFO  org.hibernate.validator.internal.util.Version - HV000001: Hibernate Validator 6.0.9.Final
18:20:01.019 [http-nio-8080-exec-6] INFO  com.alibaba.druid.pool.DruidDataSource - {dataSource-1} inited
18:20:01.097 [http-nio-8080-exec-6] INFO  com.example.controller.SubmitController - submit called
18:20:01.179 [http-nio-8080-exec-1] INFO  com.example.controller.SubmitController - turnToUserInfo called
18:20:03.290 [http-nio-8080-exec-7] INFO  com.example.controller.HomeController - queryList called
18:25:38.966 [http-nio-8080-exec-12] INFO  com.example.controller.HomeController - queryList called
18:32:13.956 [http-nio-8080-exec-11] INFO  com.example.controller.HomeController - queryList called
18:32:38.356 [http-nio-8080-exec-17] INFO  com.example.controller.HomeController - typeChange called
18:35:15.100 [http-nio-8080-exec-19] INFO  com.example.controller.HomeController - typeChange called
18:36:28.772 [http-nio-8080-exec-12] INFO  com.example.controller.HomeController - typeChange called
18:38:10.166 [http-nio-8080-exec-14] INFO  com.example.controller.HomeController - typeChange called
18:43:47.458 [http-nio-8080-exec-15] INFO  com.example.controller.HomeController - typeChange called
18:43:59.660 [http-nio-8080-exec-16] INFO  com.example.controller.HomeController - typeChange called
18:44:21.000 [http-nio-8080-exec-18] INFO  com.example.controller.HomeController - queryList called
18:44:38.786 [http-nio-8080-exec-20] INFO  com.example.controller.HomeController - typeChange called
18:46:34.507 [RMI TCP Connection(2)-127.0.0.1] INFO  org.hibernate.validator.internal.util.Version - HV000001: Hibernate Validator 6.0.9.Final
18:46:44.610 [http-nio-8080-exec-5] INFO  com.alibaba.druid.pool.DruidDataSource - {dataSource-1} inited
18:46:44.726 [http-nio-8080-exec-5] INFO  com.example.controller.SubmitController - submit called
18:46:44.844 [http-nio-8080-exec-6] INFO  com.example.controller.SubmitController - turnToUserInfo called
18:46:45.894 [http-nio-8080-exec-7] INFO  com.example.controller.HomeController - queryList called
18:47:14.356 [http-nio-8080-exec-5] INFO  com.example.controller.HomeController - typeChange called
09:08:00.226 [RMI TCP Connection(3)-127.0.0.1] INFO  org.hibernate.validator.internal.util.Version - HV000001: Hibernate Validator 6.0.9.Final
09:08:12.803 [http-nio-8080-exec-8] ERROR com.alibaba.druid.pool.DruidDataSource - init datasource error, url: jdbc:mysql://47.104.136.241/book_administration
java.sql.SQLException: null,  message from server: "Host '183.17.233.101' is not allowed to connect to this MySQL server"
	at com.mysql.jdbc.SQLError.createSQLException(SQLError.java:1074) ~[mysql-connector-java-5.1.22.jar:?]
	at com.mysql.jdbc.SQLError.createSQLException(SQLError.java:988) ~[mysql-connector-java-5.1.22.jar:?]
	at com.mysql.jdbc.SQLError.createSQLException(SQLError.java:974) ~[mysql-connector-java-5.1.22.jar:?]
	at com.mysql.jdbc.MysqlIO.doHandshake(MysqlIO.java:1104) ~[mysql-connector-java-5.1.22.jar:?]
	at com.mysql.jdbc.ConnectionImpl.coreConnect(ConnectionImpl.java:2412) ~[mysql-connector-java-5.1.22.jar:?]
	at com.mysql.jdbc.ConnectionImpl.connectOneTryOnly(ConnectionImpl.java:2445) ~[mysql-connector-java-5.1.22.jar:?]
	at com.mysql.jdbc.ConnectionImpl.createNewIO(ConnectionImpl.java:2230) ~[mysql-connector-java-5.1.22.jar:?]
	at com.mysql.jdbc.ConnectionImpl.<init>(ConnectionImpl.java:813) ~[mysql-connector-java-5.1.22.jar:?]
	at com.mysql.jdbc.JDBC4Connection.<init>(JDBC4Connection.java:47) ~[mysql-connector-java-5.1.22.jar:?]
	at jdk.internal.reflect.NativeConstructorAccessorImpl.newInstance0(Native Method) ~[?:?]
	at jdk.internal.reflect.NativeConstructorAccessorImpl.newInstance(NativeConstructorAccessorImpl.java:62) ~[?:?]
	at jdk.internal.reflect.DelegatingConstructorAccessorImpl.newInstance(DelegatingConstructorAccessorImpl.java:45) ~[?:?]
	at java.lang.reflect.Constructor.newInstance(Constructor.java:488) ~[?:?]
	at com.mysql.jdbc.Util.handleNewInstance(Util.java:411) ~[mysql-connector-java-5.1.22.jar:?]
	at com.mysql.jdbc.ConnectionImpl.getInstance(ConnectionImpl.java:399) ~[mysql-connector-java-5.1.22.jar:?]
	at com.mysql.jdbc.NonRegisteringDriver.connect(NonRegisteringDriver.java:334) ~[mysql-connector-java-5.1.22.jar:?]
	at com.alibaba.druid.pool.DruidAbstractDataSource.createPhysicalConnection(DruidAbstractDataSource.java:1386) ~[druid-1.0.16.jar:1.0.16]
	at com.alibaba.druid.pool.DruidAbstractDataSource.createPhysicalConnection(DruidAbstractDataSource.java:1442) ~[druid-1.0.16.jar:1.0.16]
	at com.alibaba.druid.pool.DruidDataSource.init(DruidDataSource.java:632) [druid-1.0.16.jar:1.0.16]
	at com.alibaba.druid.pool.DruidDataSource.getConnection(DruidDataSource.java:934) [druid-1.0.16.jar:1.0.16]
	at com.alibaba.druid.pool.DruidDataSource.getConnection(DruidDataSource.java:930) [druid-1.0.16.jar:1.0.16]
	at com.alibaba.druid.pool.DruidDataSource.getConnection(DruidDataSource.java:102) [druid-1.0.16.jar:1.0.16]
	at org.springframework.jdbc.datasource.DataSourceUtils.doGetConnection(DataSourceUtils.java:111) [spring-jdbc-4.1.2.RELEASE.jar:4.1.2.RELEASE]
	at org.springframework.jdbc.datasource.DataSourceUtils.getConnection(DataSourceUtils.java:77) [spring-jdbc-4.1.2.RELEASE.jar:4.1.2.RELEASE]
	at org.mybatis.spring.transaction.SpringManagedTransaction.openConnection(SpringManagedTransaction.java:81) [mybatis-spring-1.2.2.jar:1.2.2]
	at org.mybatis.spring.transaction.SpringManagedTransaction.getConnection(SpringManagedTransaction.java:67) [mybatis-spring-1.2.2.jar:1.2.2]
	at org.apache.ibatis.executor.BaseExecutor.getConnection(BaseExecutor.java:279) [mybatis-3.2.8.jar:3.2.8]
	at org.apache.ibatis.executor.SimpleExecutor.prepareStatement(SimpleExecutor.java:72) [mybatis-3.2.8.jar:3.2.8]
	at org.apache.ibatis.executor.SimpleExecutor.doQuery(SimpleExecutor.java:59) [mybatis-3.2.8.jar:3.2.8]
	at org.apache.ibatis.executor.BaseExecutor.queryFromDatabase(BaseExecutor.java:267) [mybatis-3.2.8.jar:3.2.8]
	at org.apache.ibatis.executor.BaseExecutor.query(BaseExecutor.java:137) [mybatis-3.2.8.jar:3.2.8]
	at org.apache.ibatis.executor.CachingExecutor.query(CachingExecutor.java:96) [mybatis-3.2.8.jar:3.2.8]
	at org.apache.ibatis.executor.CachingExecutor.query(CachingExecutor.java:77) [mybatis-3.2.8.jar:3.2.8]
	at org.apache.ibatis.session.defaults.DefaultSqlSession.selectList(DefaultSqlSession.java:108) [mybatis-3.2.8.jar:3.2.8]
	at org.apache.ibatis.session.defaults.DefaultSqlSession.selectList(DefaultSqlSession.java:102) [mybatis-3.2.8.jar:3.2.8]
	at org.apache.ibatis.session.defaults.DefaultSqlSession.selectOne(DefaultSqlSession.java:66) [mybatis-3.2.8.jar:3.2.8]
	at jdk.internal.reflect.NativeMethodAccessorImpl.invoke0(Native Method) ~[?:?]
	at jdk.internal.reflect.NativeMethodAccessorImpl.invoke(NativeMethodAccessorImpl.java:62) ~[?:?]
	at jdk.internal.reflect.DelegatingMethodAccessorImpl.invoke(DelegatingMethodAccessorImpl.java:43) ~[?:?]
	at java.lang.reflect.Method.invoke(Method.java:564) ~[?:?]
	at org.mybatis.spring.SqlSessionTemplate$SqlSessionInterceptor.invoke(SqlSessionTemplate.java:358) [mybatis-spring-1.2.2.jar:1.2.2]
	at com.sun.proxy.$Proxy23.selectOne(Unknown Source) [?:?]
	at org.mybatis.spring.SqlSessionTemplate.selectOne(SqlSessionTemplate.java:163) [mybatis-spring-1.2.2.jar:1.2.2]
	at org.apache.ibatis.binding.MapperMethod.execute(MapperMethod.java:68) [mybatis-3.2.8.jar:3.2.8]
	at org.apache.ibatis.binding.MapperProxy.invoke(MapperProxy.java:52) [mybatis-3.2.8.jar:3.2.8]
	at com.sun.proxy.$Proxy33.queryUser(Unknown Source) [?:?]
	at com.example.service.UserService.queryUser(UserService.java:14) [classes/:?]
	at com.example.controller.SubmitController.submit(SubmitController.java:31) [classes/:?]
	at jdk.internal.reflect.NativeMethodAccessorImpl.invoke0(Native Method) ~[?:?]
	at jdk.internal.reflect.NativeMethodAccessorImpl.invoke(NativeMethodAccessorImpl.java:62) ~[?:?]
	at jdk.internal.reflect.DelegatingMethodAccessorImpl.invoke(DelegatingMethodAccessorImpl.java:43) ~[?:?]
	at java.lang.reflect.Method.invoke(Method.java:564) ~[?:?]
	at org.springframework.web.method.support.InvocableHandlerMethod.invoke(InvocableHandlerMethod.java:215) [spring-web-4.1.2.RELEASE.jar:4.1.2.RELEASE]
	at org.springframework.web.method.support.InvocableHandlerMethod.invokeForRequest(InvocableHandlerMethod.java:132) [spring-web-4.1.2.RELEASE.jar:4.1.2.RELEASE]
	at org.springframework.web.servlet.mvc.method.annotation.ServletInvocableHandlerMethod.invokeAndHandle(ServletInvocableHandlerMethod.java:110) [spring-webmvc-4.1.2.RELEASE.jar:4.1.2.RELEASE]
	at org.springframework.web.servlet.mvc.method.annotation.RequestMappingHandlerAdapter.invokeHandleMethod(RequestMappingHandlerAdapter.java:781) [spring-webmvc-4.1.2.RELEASE.jar:4.1.2.RELEASE]
	at org.springframework.web.servlet.mvc.method.annotation.RequestMappingHandlerAdapter.handleInternal(RequestMappingHandlerAdapter.java:721) [spring-webmvc-4.1.2.RELEASE.jar:4.1.2.RELEASE]
	at org.springframework.web.servlet.mvc.method.AbstractHandlerMethodAdapter.handle(AbstractHandlerMethodAdapter.java:83) [spring-webmvc-4.1.2.RELEASE.jar:4.1.2.RELEASE]
	at org.springframework.web.servlet.DispatcherServlet.doDispatch(DispatcherServlet.java:943) [spring-webmvc-4.1.2.RELEASE.jar:4.1.2.RELEASE]
	at org.springframework.web.servlet.DispatcherServlet.doService(DispatcherServlet.java:877) [spring-webmvc-4.1.2.RELEASE.jar:4.1.2.RELEASE]
	at org.springframework.web.servlet.FrameworkServlet.processRequest(FrameworkServlet.java:966) [spring-webmvc-4.1.2.RELEASE.jar:4.1.2.RELEASE]
	at org.springframework.web.servlet.FrameworkServlet.doPost(FrameworkServlet.java:868) [spring-webmvc-4.1.2.RELEASE.jar:4.1.2.RELEASE]
	at javax.servlet.http.HttpServlet.service(HttpServlet.java:660) [servlet-api.jar:?]
	at org.springframework.web.servlet.FrameworkServlet.service(FrameworkServlet.java:842) [spring-webmvc-4.1.2.RELEASE.jar:4.1.2.RELEASE]
	at javax.servlet.http.HttpServlet.service(HttpServlet.java:741) [servlet-api.jar:?]
	at org.apache.catalina.core.ApplicationFilterChain.internalDoFilter(ApplicationFilterChain.java:231) [catalina.jar:9.0.7]
	at org.apache.catalina.core.ApplicationFilterChain.doFilter(ApplicationFilterChain.java:166) [catalina.jar:9.0.7]
	at org.apache.tomcat.websocket.server.WsFilter.doFilter(WsFilter.java:53) [tomcat-websocket.jar:9.0.7]
	at org.apache.catalina.core.ApplicationFilterChain.internalDoFilter(ApplicationFilterChain.java:193) [catalina.jar:9.0.7]
	at org.apache.catalina.core.ApplicationFilterChain.doFilter(ApplicationFilterChain.java:166) [catalina.jar:9.0.7]
	at org.apache.catalina.core.StandardWrapperValve.invoke(StandardWrapperValve.java:199) [catalina.jar:9.0.7]
	at org.apache.catalina.core.StandardContextValve.invoke(StandardContextValve.java:96) [catalina.jar:9.0.7]
	at org.apache.catalina.authenticator.AuthenticatorBase.invoke(AuthenticatorBase.java:494) [catalina.jar:9.0.7]
	at org.apache.catalina.core.StandardHostValve.invoke(StandardHostValve.java:137) [catalina.jar:9.0.7]
	at org.apache.catalina.valves.ErrorReportValve.invoke(ErrorReportValve.java:92) [catalina.jar:9.0.7]
	at org.apache.catalina.valves.AbstractAccessLogValve.invoke(AbstractAccessLogValve.java:651) [catalina.jar:9.0.7]
	at org.apache.catalina.core.StandardEngineValve.invoke(StandardEngineValve.java:87) [catalina.jar:9.0.7]
	at org.apache.catalina.connector.CoyoteAdapter.service(CoyoteAdapter.java:343) [catalina.jar:9.0.7]
	at org.apache.coyote.http11.Http11Processor.service(Http11Processor.java:407) [tomcat-coyote.jar:9.0.7]
	at org.apache.coyote.AbstractProcessorLight.process(AbstractProcessorLight.java:66) [tomcat-coyote.jar:9.0.7]
	at org.apache.coyote.AbstractProtocol$ConnectionHandler.process(AbstractProtocol.java:754) [tomcat-coyote.jar:9.0.7]
	at org.apache.tomcat.util.net.NioEndpoint$SocketProcessor.doRun(NioEndpoint.java:1376) [tomcat-coyote.jar:9.0.7]
	at org.apache.tomcat.util.net.SocketProcessorBase.run(SocketProcessorBase.java:49) [tomcat-coyote.jar:9.0.7]
	at java.util.concurrent.ThreadPoolExecutor.runWorker(ThreadPoolExecutor.java:1135) [?:?]
	at java.util.concurrent.ThreadPoolExecutor$Worker.run(ThreadPoolExecutor.java:635) [?:?]
	at org.apache.tomcat.util.threads.TaskThread$WrappingRunnable.run(TaskThread.java:61) [tomcat-util.jar:9.0.7]
	at java.lang.Thread.run(Thread.java:844) [?:?]
09:08:12.863 [http-nio-8080-exec-8] ERROR com.alibaba.druid.pool.DruidDataSource - dataSource init error
java.sql.SQLException: null,  message from server: "Host '183.17.233.101' is not allowed to connect to this MySQL server"
	at com.mysql.jdbc.SQLError.createSQLException(SQLError.java:1074) ~[mysql-connector-java-5.1.22.jar:?]
	at com.mysql.jdbc.SQLError.createSQLException(SQLError.java:988) ~[mysql-connector-java-5.1.22.jar:?]
	at com.mysql.jdbc.SQLError.createSQLException(SQLError.java:974) ~[mysql-connector-java-5.1.22.jar:?]
	at com.mysql.jdbc.MysqlIO.doHandshake(MysqlIO.java:1104) ~[mysql-connector-java-5.1.22.jar:?]
	at com.mysql.jdbc.ConnectionImpl.coreConnect(ConnectionImpl.java:2412) ~[mysql-connector-java-5.1.22.jar:?]
	at com.mysql.jdbc.ConnectionImpl.connectOneTryOnly(ConnectionImpl.java:2445) ~[mysql-connector-java-5.1.22.jar:?]
	at com.mysql.jdbc.ConnectionImpl.createNewIO(ConnectionImpl.java:2230) ~[mysql-connector-java-5.1.22.jar:?]
	at com.mysql.jdbc.ConnectionImpl.<init>(ConnectionImpl.java:813) ~[mysql-connector-java-5.1.22.jar:?]
	at com.mysql.jdbc.JDBC4Connection.<init>(JDBC4Connection.java:47) ~[mysql-connector-java-5.1.22.jar:?]
	at jdk.internal.reflect.NativeConstructorAccessorImpl.newInstance0(Native Method) ~[?:?]
	at jdk.internal.reflect.NativeConstructorAccessorImpl.newInstance(NativeConstructorAccessorImpl.java:62) ~[?:?]
	at jdk.internal.reflect.DelegatingConstructorAccessorImpl.newInstance(DelegatingConstructorAccessorImpl.java:45) ~[?:?]
	at java.lang.reflect.Constructor.newInstance(Constructor.java:488) ~[?:?]
	at com.mysql.jdbc.Util.handleNewInstance(Util.java:411) ~[mysql-connector-java-5.1.22.jar:?]
	at com.mysql.jdbc.ConnectionImpl.getInstance(ConnectionImpl.java:399) ~[mysql-connector-java-5.1.22.jar:?]
	at com.mysql.jdbc.NonRegisteringDriver.connect(NonRegisteringDriver.java:334) ~[mysql-connector-java-5.1.22.jar:?]
	at com.alibaba.druid.pool.DruidAbstractDataSource.createPhysicalConnection(DruidAbstractDataSource.java:1386) ~[druid-1.0.16.jar:1.0.16]
	at com.alibaba.druid.pool.DruidAbstractDataSource.createPhysicalConnection(DruidAbstractDataSource.java:1442) ~[druid-1.0.16.jar:1.0.16]
	at com.alibaba.druid.pool.DruidDataSource.init(DruidDataSource.java:632) [druid-1.0.16.jar:1.0.16]
	at com.alibaba.druid.pool.DruidDataSource.getConnection(DruidDataSource.java:934) [druid-1.0.16.jar:1.0.16]
	at com.alibaba.druid.pool.DruidDataSource.getConnection(DruidDataSource.java:930) [druid-1.0.16.jar:1.0.16]
	at com.alibaba.druid.pool.DruidDataSource.getConnection(DruidDataSource.java:102) [druid-1.0.16.jar:1.0.16]
	at org.springframework.jdbc.datasource.DataSourceUtils.doGetConnection(DataSourceUtils.java:111) [spring-jdbc-4.1.2.RELEASE.jar:4.1.2.RELEASE]
	at org.springframework.jdbc.datasource.DataSourceUtils.getConnection(DataSourceUtils.java:77) [spring-jdbc-4.1.2.RELEASE.jar:4.1.2.RELEASE]
	at org.mybatis.spring.transaction.SpringManagedTransaction.openConnection(SpringManagedTransaction.java:81) [mybatis-spring-1.2.2.jar:1.2.2]
	at org.mybatis.spring.transaction.SpringManagedTransaction.getConnection(SpringManagedTransaction.java:67) [mybatis-spring-1.2.2.jar:1.2.2]
	at org.apache.ibatis.executor.BaseExecutor.getConnection(BaseExecutor.java:279) [mybatis-3.2.8.jar:3.2.8]
	at org.apache.ibatis.executor.SimpleExecutor.prepareStatement(SimpleExecutor.java:72) [mybatis-3.2.8.jar:3.2.8]
	at org.apache.ibatis.executor.SimpleExecutor.doQuery(SimpleExecutor.java:59) [mybatis-3.2.8.jar:3.2.8]
	at org.apache.ibatis.executor.BaseExecutor.queryFromDatabase(BaseExecutor.java:267) [mybatis-3.2.8.jar:3.2.8]
	at org.apache.ibatis.executor.BaseExecutor.query(BaseExecutor.java:137) [mybatis-3.2.8.jar:3.2.8]
	at org.apache.ibatis.executor.CachingExecutor.query(CachingExecutor.java:96) [mybatis-3.2.8.jar:3.2.8]
	at org.apache.ibatis.executor.CachingExecutor.query(CachingExecutor.java:77) [mybatis-3.2.8.jar:3.2.8]
	at org.apache.ibatis.session.defaults.DefaultSqlSession.selectList(DefaultSqlSession.java:108) [mybatis-3.2.8.jar:3.2.8]
	at org.apache.ibatis.session.defaults.DefaultSqlSession.selectList(DefaultSqlSession.java:102) [mybatis-3.2.8.jar:3.2.8]
	at org.apache.ibatis.session.defaults.DefaultSqlSession.selectOne(DefaultSqlSession.java:66) [mybatis-3.2.8.jar:3.2.8]
	at jdk.internal.reflect.NativeMethodAccessorImpl.invoke0(Native Method) ~[?:?]
	at jdk.internal.reflect.NativeMethodAccessorImpl.invoke(NativeMethodAccessorImpl.java:62) ~[?:?]
	at jdk.internal.reflect.DelegatingMethodAccessorImpl.invoke(DelegatingMethodAccessorImpl.java:43) ~[?:?]
	at java.lang.reflect.Method.invoke(Method.java:564) ~[?:?]
	at org.mybatis.spring.SqlSessionTemplate$SqlSessionInterceptor.invoke(SqlSessionTemplate.java:358) [mybatis-spring-1.2.2.jar:1.2.2]
	at com.sun.proxy.$Proxy23.selectOne(Unknown Source) [?:?]
	at org.mybatis.spring.SqlSessionTemplate.selectOne(SqlSessionTemplate.java:163) [mybatis-spring-1.2.2.jar:1.2.2]
	at org.apache.ibatis.binding.MapperMethod.execute(MapperMethod.java:68) [mybatis-3.2.8.jar:3.2.8]
	at org.apache.ibatis.binding.MapperProxy.invoke(MapperProxy.java:52) [mybatis-3.2.8.jar:3.2.8]
	at com.sun.proxy.$Proxy33.queryUser(Unknown Source) [?:?]
	at com.example.service.UserService.queryUser(UserService.java:14) [classes/:?]
	at com.example.controller.SubmitController.submit(SubmitController.java:31) [classes/:?]
	at jdk.internal.reflect.NativeMethodAccessorImpl.invoke0(Native Method) ~[?:?]
	at jdk.internal.reflect.NativeMethodAccessorImpl.invoke(NativeMethodAccessorImpl.java:62) ~[?:?]
	at jdk.internal.reflect.DelegatingMethodAccessorImpl.invoke(DelegatingMethodAccessorImpl.java:43) ~[?:?]
	at java.lang.reflect.Method.invoke(Method.java:564) ~[?:?]
	at org.springframework.web.method.support.InvocableHandlerMethod.invoke(InvocableHandlerMethod.java:215) [spring-web-4.1.2.RELEASE.jar:4.1.2.RELEASE]
	at org.springframework.web.method.support.InvocableHandlerMethod.invokeForRequest(InvocableHandlerMethod.java:132) [spring-web-4.1.2.RELEASE.jar:4.1.2.RELEASE]
	at org.springframework.web.servlet.mvc.method.annotation.ServletInvocableHandlerMethod.invokeAndHandle(ServletInvocableHandlerMethod.java:110) [spring-webmvc-4.1.2.RELEASE.jar:4.1.2.RELEASE]
	at org.springframework.web.servlet.mvc.method.annotation.RequestMappingHandlerAdapter.invokeHandleMethod(RequestMappingHandlerAdapter.java:781) [spring-webmvc-4.1.2.RELEASE.jar:4.1.2.RELEASE]
	at org.springframework.web.servlet.mvc.method.annotation.RequestMappingHandlerAdapter.handleInternal(RequestMappingHandlerAdapter.java:721) [spring-webmvc-4.1.2.RELEASE.jar:4.1.2.RELEASE]
	at org.springframework.web.servlet.mvc.method.AbstractHandlerMethodAdapter.handle(AbstractHandlerMethodAdapter.java:83) [spring-webmvc-4.1.2.RELEASE.jar:4.1.2.RELEASE]
	at org.springframework.web.servlet.DispatcherServlet.doDispatch(DispatcherServlet.java:943) [spring-webmvc-4.1.2.RELEASE.jar:4.1.2.RELEASE]
	at org.springframework.web.servlet.DispatcherServlet.doService(DispatcherServlet.java:877) [spring-webmvc-4.1.2.RELEASE.jar:4.1.2.RELEASE]
	at org.springframework.web.servlet.FrameworkServlet.processRequest(FrameworkServlet.java:966) [spring-webmvc-4.1.2.RELEASE.jar:4.1.2.RELEASE]
	at org.springframework.web.servlet.FrameworkServlet.doPost(FrameworkServlet.java:868) [spring-webmvc-4.1.2.RELEASE.jar:4.1.2.RELEASE]
	at javax.servlet.http.HttpServlet.service(HttpServlet.java:660) [servlet-api.jar:?]
	at org.springframework.web.servlet.FrameworkServlet.service(FrameworkServlet.java:842) [spring-webmvc-4.1.2.RELEASE.jar:4.1.2.RELEASE]
	at javax.servlet.http.HttpServlet.service(HttpServlet.java:741) [servlet-api.jar:?]
	at org.apache.catalina.core.ApplicationFilterChain.internalDoFilter(ApplicationFilterChain.java:231) [catalina.jar:9.0.7]
	at org.apache.catalina.core.ApplicationFilterChain.doFilter(ApplicationFilterChain.java:166) [catalina.jar:9.0.7]
	at org.apache.tomcat.websocket.server.WsFilter.doFilter(WsFilter.java:53) [tomcat-websocket.jar:9.0.7]
	at org.apache.catalina.core.ApplicationFilterChain.internalDoFilter(ApplicationFilterChain.java:193) [catalina.jar:9.0.7]
	at org.apache.catalina.core.ApplicationFilterChain.doFilter(ApplicationFilterChain.java:166) [catalina.jar:9.0.7]
	at org.apache.catalina.core.StandardWrapperValve.invoke(StandardWrapperValve.java:199) [catalina.jar:9.0.7]
	at org.apache.catalina.core.StandardContextValve.invoke(StandardContextValve.java:96) [catalina.jar:9.0.7]
	at org.apache.catalina.authenticator.AuthenticatorBase.invoke(AuthenticatorBase.java:494) [catalina.jar:9.0.7]
	at org.apache.catalina.core.StandardHostValve.invoke(StandardHostValve.java:137) [catalina.jar:9.0.7]
	at org.apache.catalina.valves.ErrorReportValve.invoke(ErrorReportValve.java:92) [catalina.jar:9.0.7]
	at org.apache.catalina.valves.AbstractAccessLogValve.invoke(AbstractAccessLogValve.java:651) [catalina.jar:9.0.7]
	at org.apache.catalina.core.StandardEngineValve.invoke(StandardEngineValve.java:87) [catalina.jar:9.0.7]
	at org.apache.catalina.connector.CoyoteAdapter.service(CoyoteAdapter.java:343) [catalina.jar:9.0.7]
	at org.apache.coyote.http11.Http11Processor.service(Http11Processor.java:407) [tomcat-coyote.jar:9.0.7]
	at org.apache.coyote.AbstractProcessorLight.process(AbstractProcessorLight.java:66) [tomcat-coyote.jar:9.0.7]
	at org.apache.coyote.AbstractProtocol$ConnectionHandler.process(AbstractProtocol.java:754) [tomcat-coyote.jar:9.0.7]
	at org.apache.tomcat.util.net.NioEndpoint$SocketProcessor.doRun(NioEndpoint.java:1376) [tomcat-coyote.jar:9.0.7]
	at org.apache.tomcat.util.net.SocketProcessorBase.run(SocketProcessorBase.java:49) [tomcat-coyote.jar:9.0.7]
	at java.util.concurrent.ThreadPoolExecutor.runWorker(ThreadPoolExecutor.java:1135) [?:?]
	at java.util.concurrent.ThreadPoolExecutor$Worker.run(ThreadPoolExecutor.java:635) [?:?]
	at org.apache.tomcat.util.threads.TaskThread$WrappingRunnable.run(TaskThread.java:61) [tomcat-util.jar:9.0.7]
	at java.lang.Thread.run(Thread.java:844) [?:?]
09:08:12.863 [http-nio-8080-exec-8] INFO  com.alibaba.druid.pool.DruidDataSource - {dataSource-1} inited
09:12:02.312 [http-nio-8080-exec-3] INFO  com.example.controller.SubmitController - submit called
09:12:02.424 [http-nio-8080-exec-4] INFO  com.example.controller.SubmitController - turnToUserInfo called
09:12:03.815 [http-nio-8080-exec-5] INFO  com.example.controller.HomeController - queryList called
09:12:17.699 [http-nio-8080-exec-8] INFO  com.example.controller.HomeController - typeChange called
09:14:56.407 [http-nio-8080-exec-10] INFO  com.example.controller.HomeController - typeChange called
09:15:10.437 [RMI TCP Connection(8)-127.0.0.1] INFO  org.hibernate.validator.internal.util.Version - HV000001: Hibernate Validator 6.0.9.Final
09:15:26.543 [http-nio-8080-exec-3] INFO  com.alibaba.druid.pool.DruidDataSource - {dataSource-1} inited
09:15:26.623 [http-nio-8080-exec-3] INFO  com.example.controller.SubmitController - submit called
09:15:26.727 [http-nio-8080-exec-10] INFO  com.example.controller.SubmitController - turnToUserInfo called
09:15:27.866 [http-nio-8080-exec-6] INFO  com.example.controller.HomeController - queryList called
09:16:39.315 [http-nio-8080-exec-12] INFO  com.example.controller.HomeController - typeChange called
09:16:43.570 [http-nio-8080-exec-13] INFO  com.example.controller.HomeController - queryList called
09:18:09.899 [http-nio-8080-exec-15] INFO  com.example.controller.HomeController - typeChange called
09:49:40.725 [RMI TCP Connection(12)-127.0.0.1] INFO  org.hibernate.validator.internal.util.Version - HV000001: Hibernate Validator 6.0.9.Final
09:50:03.632 [http-nio-8080-exec-11] INFO  com.alibaba.druid.pool.DruidDataSource - {dataSource-1} inited
09:50:03.772 [http-nio-8080-exec-11] INFO  com.example.controller.SubmitController - submit called
09:50:03.871 [http-nio-8080-exec-18] INFO  com.example.controller.SubmitController - turnToUserInfo called
09:50:04.877 [http-nio-8080-exec-20] INFO  com.example.controller.HomeController - queryList called
09:50:13.471 [http-nio-8080-exec-15] INFO  com.example.controller.HomeController - typeChange called
09:50:13.487 [http-nio-8080-exec-19] INFO  com.example.controller.HomeController - queryList called
09:50:21.554 [http-nio-8080-exec-16] INFO  com.example.controller.HomeController - queryList called
09:50:49.641 [http-nio-8080-exec-22] INFO  com.example.controller.HomeController - typeChange called
09:50:49.656 [http-nio-8080-exec-18] INFO  com.example.controller.HomeController - queryList called
09:51:45.838 [http-nio-8080-exec-24] INFO  com.example.controller.HomeController - typeChange called
09:57:54.443 [http-nio-8080-exec-25] INFO  com.example.controller.HomeController - queryList called
09:59:49.190 [RMI TCP Connection(16)-127.0.0.1] INFO  org.hibernate.validator.internal.util.Version - HV000001: Hibernate Validator 6.0.9.Final
10:00:04.695 [http-nio-8080-exec-26] INFO  com.alibaba.druid.pool.DruidDataSource - {dataSource-1} inited
10:00:04.794 [http-nio-8080-exec-26] INFO  com.example.controller.SubmitController - submit called
10:00:04.875 [http-nio-8080-exec-25] INFO  com.example.controller.SubmitController - turnToUserInfo called
10:00:06.803 [http-nio-8080-exec-23] INFO  com.example.controller.HomeController - queryList called
10:00:39.892 [http-nio-8080-exec-21] INFO  com.example.controller.HomeController - typeChange called
10:03:14.789 [http-nio-8080-exec-32] INFO  com.example.controller.HomeController - typeChange called
13:57:53.591 [RMI TCP Connection(2)-127.0.0.1] INFO  org.hibernate.validator.internal.util.Version - HV000001: Hibernate Validator 6.0.9.Final
13:58:03.390 [http-nio-8080-exec-8] INFO  com.alibaba.druid.pool.DruidDataSource - {dataSource-1} inited
13:58:03.500 [http-nio-8080-exec-8] INFO  com.example.controller.SubmitController - submit called
13:58:03.653 [http-nio-8080-exec-9] INFO  com.example.controller.SubmitController - turnToUserInfo called
13:58:05.480 [http-nio-8080-exec-2] INFO  com.example.controller.HomeController - queryList called
13:58:16.664 [http-nio-8080-exec-4] INFO  com.example.controller.HomeController - typeChange called
13:58:16.675 [http-nio-8080-exec-6] INFO  com.example.controller.HomeController - queryList called
13:58:22.884 [http-nio-8080-exec-9] INFO  com.example.controller.HomeController - queryList called
13:58:49.122 [http-nio-8080-exec-2] INFO  com.example.controller.HomeController - queryList called
13:58:50.595 [http-nio-8080-exec-4] INFO  com.example.controller.HomeController - queryList called
13:59:09.723 [http-nio-8080-exec-6] INFO  com.example.controller.HomeController - typeChange called
14:00:52.840 [http-nio-8080-exec-5] INFO  com.example.controller.HomeController - queryList called
14:01:14.893 [http-nio-8080-exec-9] INFO  com.example.controller.HomeController - typeChange called
14:04:23.078 [RMI TCP Connection(6)-127.0.0.1] INFO  org.hibernate.validator.internal.util.Version - HV000001: Hibernate Validator 6.0.9.Final
14:04:40.544 [http-nio-8080-exec-2] INFO  com.alibaba.druid.pool.DruidDataSource - {dataSource-1} inited
14:04:40.650 [http-nio-8080-exec-2] INFO  com.example.controller.SubmitController - submit called
14:04:40.755 [http-nio-8080-exec-10] INFO  com.example.controller.SubmitController - turnToUserInfo called
14:04:41.971 [http-nio-8080-exec-5] INFO  com.example.controller.HomeController - queryList called
14:04:56.105 [http-nio-8080-exec-4] INFO  com.example.controller.HomeController - typeChange called
14:06:09.767 [http-nio-8080-exec-11] INFO  com.example.controller.HomeController - queryList called
14:10:12.424 [http-nio-8080-exec-14] INFO  com.example.controller.HomeController - queryList called
14:10:29.394 [http-nio-8080-exec-16] INFO  com.example.controller.HomeController - typeChange called
14:11:44.119 [http-nio-8080-exec-11] INFO  com.example.controller.HomeController - queryList called
14:12:28.132 [RMI TCP Connection(9)-127.0.0.1] INFO  org.hibernate.validator.internal.util.Version - HV000001: Hibernate Validator 6.0.9.Final
14:12:43.134 [http-nio-8080-exec-11] INFO  com.alibaba.druid.pool.DruidDataSource - {dataSource-1} inited
14:12:43.244 [http-nio-8080-exec-11] INFO  com.example.controller.SubmitController - submit called
14:12:43.349 [http-nio-8080-exec-21] INFO  com.example.controller.SubmitController - turnToUserInfo called
14:12:44.411 [http-nio-8080-exec-22] INFO  com.example.controller.HomeController - queryList called
14:12:58.892 [http-nio-8080-exec-17] INFO  com.example.controller.HomeController - typeChange called
14:13:01.722 [http-nio-8080-exec-14] INFO  com.example.controller.HomeController - queryList called
14:13:16.971 [http-nio-8080-exec-13] INFO  com.example.controller.HomeController - queryList called
14:13:25.793 [http-nio-8080-exec-16] INFO  com.example.controller.HomeController - typeChange called
14:13:52.147 [http-nio-8080-exec-24] INFO  com.example.controller.HomeController - queryList called
14:13:59.426 [http-nio-8080-exec-25] INFO  com.example.controller.HomeController - queryList called
14:16:48.686 [http-nio-8080-exec-22] INFO  com.example.controller.HomeController - typeChange called
14:18:12.541 [http-nio-8080-exec-26] INFO  com.example.controller.HomeController - queryList called
14:26:56.423 [RMI TCP Connection(12)-127.0.0.1] INFO  org.hibernate.validator.internal.util.Version - HV000001: Hibernate Validator 6.0.9.Final
14:27:07.716 [http-nio-8080-exec-27] INFO  com.alibaba.druid.pool.DruidDataSource - {dataSource-1} inited
14:27:07.833 [http-nio-8080-exec-27] INFO  com.example.controller.SubmitController - submit called
14:27:07.924 [http-nio-8080-exec-22] INFO  com.example.controller.SubmitController - turnToUserInfo called
14:27:09.339 [http-nio-8080-exec-29] INFO  com.example.controller.HomeController - queryList called
14:27:19.305 [http-nio-8080-exec-24] INFO  com.example.controller.HomeController - typeChange called
14:27:19.369 [http-nio-8080-exec-30] INFO  com.example.controller.HomeController - queryList called
14:27:29.840 [http-nio-8080-exec-28] INFO  com.example.controller.HomeController - queryList called
14:31:39.935 [http-nio-8080-exec-31] INFO  com.example.controller.HomeController - queryList called
14:34:08.204 [http-nio-8080-exec-34] INFO  com.example.controller.HomeController - queryList called
14:40:56.340 [RMI TCP Connection(3)-127.0.0.1] INFO  org.hibernate.validator.internal.util.Version - HV000001: Hibernate Validator 6.0.9.Final
14:41:19.045 [http-nio-8080-exec-5] INFO  com.alibaba.druid.pool.DruidDataSource - {dataSource-1} inited
14:41:19.175 [http-nio-8080-exec-5] INFO  com.example.controller.SubmitController - submit called
14:41:19.278 [http-nio-8080-exec-9] INFO  com.example.controller.SubmitController - turnToUserInfo called
14:41:20.444 [http-nio-8080-exec-10] INFO  com.example.controller.HomeController - queryList called
14:41:29.364 [http-nio-8080-exec-2] INFO  com.example.controller.HomeController - typeChange called
14:41:29.426 [http-nio-8080-exec-3] INFO  com.example.controller.HomeController - queryList called
14:42:11.243 [RMI TCP Connection(6)-127.0.0.1] DEBUG org.apache.ibatis.logging.LogFactory - Logging initialized using 'class org.apache.ibatis.logging.log4j2.Log4j2Impl' adapter.
14:42:12.764 [RMI TCP Connection(6)-127.0.0.1] DEBUG org.jboss.logging - Logging Provider: org.jboss.logging.Log4j2LoggerProvider
14:42:12.764 [RMI TCP Connection(6)-127.0.0.1] INFO  org.hibernate.validator.internal.util.Version - HV000001: Hibernate Validator 6.0.9.Final
14:42:12.784 [RMI TCP Connection(6)-127.0.0.1] DEBUG org.hibernate.validator.internal.engine.resolver.TraversableResolvers - Cannot find javax.persistence.Persistence on classpath. Assuming non JPA 2 environment. All properties will per default be traversable.
14:42:12.794 [RMI TCP Connection(6)-127.0.0.1] DEBUG org.hibernate.validator.messageinterpolation.ResourceBundleMessageInterpolator - Loaded expression factory via original TCCL
14:42:12.794 [RMI TCP Connection(6)-127.0.0.1] DEBUG org.hibernate.validator.internal.engine.ConfigurationImpl - Setting custom MessageInterpolator of type org.springframework.validation.beanvalidation.LocaleContextMessageInterpolator
14:42:12.794 [RMI TCP Connection(6)-127.0.0.1] DEBUG org.hibernate.validator.internal.engine.ConfigurationImpl - Setting custom ConstraintValidatorFactory of type org.springframework.validation.beanvalidation.SpringConstraintValidatorFactory
14:42:12.804 [RMI TCP Connection(6)-127.0.0.1] DEBUG org.hibernate.validator.internal.engine.ConfigurationImpl - Setting custom ParameterNameProvider of type com.sun.proxy.$Proxy79
14:42:12.804 [RMI TCP Connection(6)-127.0.0.1] DEBUG org.hibernate.validator.internal.xml.ValidationXmlParser - Trying to load META-INF/validation.xml for XML based Validator configuration.
14:42:12.814 [RMI TCP Connection(6)-127.0.0.1] DEBUG org.hibernate.validator.internal.xml.ResourceLoaderHelper - Trying to load META-INF/validation.xml via TCCL
14:42:12.814 [RMI TCP Connection(6)-127.0.0.1] DEBUG org.hibernate.validator.internal.xml.ResourceLoaderHelper - Trying to load META-INF/validation.xml via Hibernate Validator's class loader
14:42:12.814 [RMI TCP Connection(6)-127.0.0.1] DEBUG org.hibernate.validator.internal.xml.ValidationXmlParser - No META-INF/validation.xml found. Using annotation based configuration only.
14:42:13.154 [RMI TCP Connection(6)-127.0.0.1] DEBUG org.hibernate.validator.internal.engine.ValidatorFactoryImpl - HV000234: Using org.springframework.validation.beanvalidation.LocaleContextMessageInterpolator as ValidatorFactory-scoped message interpolator.
14:42:13.154 [RMI TCP Connection(6)-127.0.0.1] DEBUG org.hibernate.validator.internal.engine.ValidatorFactoryImpl - HV000234: Using org.hibernate.validator.internal.engine.resolver.TraverseAllTraversableResolver as ValidatorFactory-scoped traversable resolver.
14:42:13.154 [RMI TCP Connection(6)-127.0.0.1] DEBUG org.hibernate.validator.internal.engine.ValidatorFactoryImpl - HV000234: Using org.hibernate.validator.internal.util.ExecutableParameterNameProvider as ValidatorFactory-scoped parameter name provider.
14:42:13.154 [RMI TCP Connection(6)-127.0.0.1] DEBUG org.hibernate.validator.internal.engine.ValidatorFactoryImpl - HV000234: Using org.hibernate.validator.internal.engine.DefaultClockProvider as ValidatorFactory-scoped clock provider.
14:42:13.154 [RMI TCP Connection(6)-127.0.0.1] DEBUG org.hibernate.validator.internal.engine.ValidatorFactoryImpl - HV000234: Using org.hibernate.validator.internal.engine.scripting.DefaultScriptEvaluatorFactory as ValidatorFactory-scoped script evaluator factory.
14:42:46.868 [http-nio-8080-exec-9] DEBUG org.mybatis.spring.SqlSessionUtils - Creating a new SqlSession
14:42:46.878 [http-nio-8080-exec-9] DEBUG org.mybatis.spring.SqlSessionUtils - SqlSession [org.apache.ibatis.session.defaults.DefaultSqlSession@7e88ee57] was not registered for synchronization because synchronization is not active
14:42:47.895 [http-nio-8080-exec-9] INFO  com.alibaba.druid.pool.DruidDataSource - {dataSource-1} inited
14:42:47.915 [http-nio-8080-exec-9] DEBUG org.mybatis.spring.transaction.SpringManagedTransaction - JDBC Connection [com.mysql.jdbc.JDBC4Connection@423cb07b] will not be managed by Spring
14:42:47.915 [http-nio-8080-exec-9] DEBUG com.example.dao.user.UserDao.queryUser - ==>  Preparing: SELECT * FROM user_info where username = ? AND password = ? 
14:42:47.915 [http-nio-8080-exec-9] DEBUG com.example.dao.user.UserDao.queryUser - ==>  Preparing: SELECT * FROM user_info where username = ? AND password = ? 
14:42:47.945 [http-nio-8080-exec-9] DEBUG com.example.dao.user.UserDao.queryUser - ==> Parameters: admin(String), admin(String)
14:42:47.945 [http-nio-8080-exec-9] DEBUG com.example.dao.user.UserDao.queryUser - ==> Parameters: admin(String), admin(String)
14:42:48.017 [http-nio-8080-exec-9] DEBUG com.example.dao.user.UserDao.queryUser - <==      Total: 1
14:42:48.017 [http-nio-8080-exec-9] DEBUG com.example.dao.user.UserDao.queryUser - <==      Total: 1
14:42:48.019 [http-nio-8080-exec-9] DEBUG org.mybatis.spring.SqlSessionUtils - Closing non transactional SqlSession [org.apache.ibatis.session.defaults.DefaultSqlSession@7e88ee57]
14:42:48.021 [http-nio-8080-exec-9] INFO  com.example.controller.SubmitController - submit called
14:42:48.124 [http-nio-8080-exec-8] INFO  com.example.controller.SubmitController - turnToUserInfo called
14:42:49.283 [http-nio-8080-exec-2] INFO  com.example.controller.HomeController - queryList called
14:42:49.283 [http-nio-8080-exec-2] DEBUG org.mybatis.spring.SqlSessionUtils - Creating a new SqlSession
14:42:49.284 [http-nio-8080-exec-2] DEBUG org.mybatis.spring.SqlSessionUtils - SqlSession [org.apache.ibatis.session.defaults.DefaultSqlSession@6998dfa6] was not registered for synchronization because synchronization is not active
14:42:49.284 [http-nio-8080-exec-2] DEBUG org.mybatis.spring.transaction.SpringManagedTransaction - JDBC Connection [com.mysql.jdbc.JDBC4Connection@423cb07b] will not be managed by Spring
14:42:49.284 [http-nio-8080-exec-2] DEBUG com.example.dao.typeinfo.TypeInfoDao.queryAllTypeInfo - ==>  Preparing: SELECT * FROM type_info ORDER BY id 
14:42:49.284 [http-nio-8080-exec-2] DEBUG com.example.dao.typeinfo.TypeInfoDao.queryAllTypeInfo - ==>  Preparing: SELECT * FROM type_info ORDER BY id 
14:42:49.285 [http-nio-8080-exec-2] DEBUG com.example.dao.typeinfo.TypeInfoDao.queryAllTypeInfo - ==> Parameters: 
14:42:49.285 [http-nio-8080-exec-2] DEBUG com.example.dao.typeinfo.TypeInfoDao.queryAllTypeInfo - ==> Parameters: 
14:42:49.333 [http-nio-8080-exec-2] DEBUG com.example.dao.typeinfo.TypeInfoDao.queryAllTypeInfo - <==      Total: 2
14:42:49.333 [http-nio-8080-exec-2] DEBUG com.example.dao.typeinfo.TypeInfoDao.queryAllTypeInfo - <==      Total: 2
14:42:49.334 [http-nio-8080-exec-2] DEBUG org.mybatis.spring.SqlSessionUtils - Closing non transactional SqlSession [org.apache.ibatis.session.defaults.DefaultSqlSession@6998dfa6]
14:42:56.594 [http-nio-8080-exec-4] INFO  com.example.controller.HomeController - typeChange called
14:42:56.594 [http-nio-8080-exec-4] DEBUG org.mybatis.spring.SqlSessionUtils - Creating a new SqlSession
14:42:56.594 [http-nio-8080-exec-4] DEBUG org.mybatis.spring.SqlSessionUtils - SqlSession [org.apache.ibatis.session.defaults.DefaultSqlSession@cad4a44] was not registered for synchronization because synchronization is not active
14:42:56.594 [http-nio-8080-exec-4] DEBUG org.mybatis.spring.transaction.SpringManagedTransaction - JDBC Connection [com.mysql.jdbc.JDBC4Connection@423cb07b] will not be managed by Spring
14:42:56.594 [http-nio-8080-exec-4] DEBUG com.example.dao.typeinfo.TypeInfoDao.insertTypeInfo - ==>  Preparing: INSERT INTO type_info (sort,name) VALUES (?,?) 
14:42:56.594 [http-nio-8080-exec-4] DEBUG com.example.dao.typeinfo.TypeInfoDao.insertTypeInfo - ==>  Preparing: INSERT INTO type_info (sort,name) VALUES (?,?) 
14:42:56.594 [http-nio-8080-exec-4] DEBUG com.example.dao.typeinfo.TypeInfoDao.insertTypeInfo - ==> Parameters: 4(String), javame(String)
14:42:56.594 [http-nio-8080-exec-4] DEBUG com.example.dao.typeinfo.TypeInfoDao.insertTypeInfo - ==> Parameters: 4(String), javame(String)
14:42:56.645 [http-nio-8080-exec-4] DEBUG com.example.dao.typeinfo.TypeInfoDao.insertTypeInfo - <==    Updates: 1
14:42:56.645 [http-nio-8080-exec-4] DEBUG com.example.dao.typeinfo.TypeInfoDao.insertTypeInfo - <==    Updates: 1
14:42:56.645 [http-nio-8080-exec-4] DEBUG org.mybatis.spring.SqlSessionUtils - Closing non transactional SqlSession [org.apache.ibatis.session.defaults.DefaultSqlSession@cad4a44]
14:42:56.672 [http-nio-8080-exec-1] INFO  com.example.controller.HomeController - queryList called
14:42:56.673 [http-nio-8080-exec-1] DEBUG org.mybatis.spring.SqlSessionUtils - Creating a new SqlSession
14:42:56.673 [http-nio-8080-exec-1] DEBUG org.mybatis.spring.SqlSessionUtils - SqlSession [org.apache.ibatis.session.defaults.DefaultSqlSession@13e2eeed] was not registered for synchronization because synchronization is not active
14:42:56.674 [http-nio-8080-exec-1] DEBUG org.mybatis.spring.transaction.SpringManagedTransaction - JDBC Connection [com.mysql.jdbc.JDBC4Connection@423cb07b] will not be managed by Spring
14:42:56.674 [http-nio-8080-exec-1] DEBUG com.example.dao.typeinfo.TypeInfoDao.queryAllTypeInfo - ==>  Preparing: SELECT * FROM type_info ORDER BY id 
14:42:56.674 [http-nio-8080-exec-1] DEBUG com.example.dao.typeinfo.TypeInfoDao.queryAllTypeInfo - ==>  Preparing: SELECT * FROM type_info ORDER BY id 
14:42:56.675 [http-nio-8080-exec-1] DEBUG com.example.dao.typeinfo.TypeInfoDao.queryAllTypeInfo - ==> Parameters: 
14:42:56.675 [http-nio-8080-exec-1] DEBUG com.example.dao.typeinfo.TypeInfoDao.queryAllTypeInfo - ==> Parameters: 
14:42:56.719 [http-nio-8080-exec-1] DEBUG com.example.dao.typeinfo.TypeInfoDao.queryAllTypeInfo - <==      Total: 3
14:42:56.719 [http-nio-8080-exec-1] DEBUG com.example.dao.typeinfo.TypeInfoDao.queryAllTypeInfo - <==      Total: 3
14:42:56.720 [http-nio-8080-exec-1] DEBUG org.mybatis.spring.SqlSessionUtils - Closing non transactional SqlSession [org.apache.ibatis.session.defaults.DefaultSqlSession@13e2eeed]
14:44:53.926 [RMI TCP Connection(9)-127.0.0.1] DEBUG org.apache.ibatis.logging.LogFactory - Logging initialized using 'class org.apache.ibatis.logging.log4j2.Log4j2Impl' adapter.
14:44:54.977 [RMI TCP Connection(9)-127.0.0.1] DEBUG org.jboss.logging - Logging Provider: org.jboss.logging.Log4j2LoggerProvider
14:44:54.977 [RMI TCP Connection(9)-127.0.0.1] INFO  org.hibernate.validator.internal.util.Version - HV000001: Hibernate Validator 6.0.9.Final
14:44:54.997 [RMI TCP Connection(9)-127.0.0.1] DEBUG org.hibernate.validator.internal.engine.resolver.TraversableResolvers - Cannot find javax.persistence.Persistence on classpath. Assuming non JPA 2 environment. All properties will per default be traversable.
14:44:55.007 [RMI TCP Connection(9)-127.0.0.1] DEBUG org.hibernate.validator.messageinterpolation.ResourceBundleMessageInterpolator - Loaded expression factory via original TCCL
14:44:55.017 [RMI TCP Connection(9)-127.0.0.1] DEBUG org.hibernate.validator.internal.engine.ConfigurationImpl - Setting custom MessageInterpolator of type org.springframework.validation.beanvalidation.LocaleContextMessageInterpolator
14:44:55.017 [RMI TCP Connection(9)-127.0.0.1] DEBUG org.hibernate.validator.internal.engine.ConfigurationImpl - Setting custom ConstraintValidatorFactory of type org.springframework.validation.beanvalidation.SpringConstraintValidatorFactory
14:44:55.017 [RMI TCP Connection(9)-127.0.0.1] DEBUG org.hibernate.validator.internal.engine.ConfigurationImpl - Setting custom ParameterNameProvider of type com.sun.proxy.$Proxy120
14:44:55.017 [RMI TCP Connection(9)-127.0.0.1] DEBUG org.hibernate.validator.internal.xml.ValidationXmlParser - Trying to load META-INF/validation.xml for XML based Validator configuration.
14:44:55.027 [RMI TCP Connection(9)-127.0.0.1] DEBUG org.hibernate.validator.internal.xml.ResourceLoaderHelper - Trying to load META-INF/validation.xml via TCCL
14:44:55.027 [RMI TCP Connection(9)-127.0.0.1] DEBUG org.hibernate.validator.internal.xml.ResourceLoaderHelper - Trying to load META-INF/validation.xml via Hibernate Validator's class loader
14:44:55.027 [RMI TCP Connection(9)-127.0.0.1] DEBUG org.hibernate.validator.internal.xml.ValidationXmlParser - No META-INF/validation.xml found. Using annotation based configuration only.
14:44:55.277 [RMI TCP Connection(9)-127.0.0.1] DEBUG org.hibernate.validator.internal.engine.ValidatorFactoryImpl - HV000234: Using org.springframework.validation.beanvalidation.LocaleContextMessageInterpolator as ValidatorFactory-scoped message interpolator.
14:44:55.277 [RMI TCP Connection(9)-127.0.0.1] DEBUG org.hibernate.validator.internal.engine.ValidatorFactoryImpl - HV000234: Using org.hibernate.validator.internal.engine.resolver.TraverseAllTraversableResolver as ValidatorFactory-scoped traversable resolver.
14:44:55.277 [RMI TCP Connection(9)-127.0.0.1] DEBUG org.hibernate.validator.internal.engine.ValidatorFactoryImpl - HV000234: Using org.hibernate.validator.internal.util.ExecutableParameterNameProvider as ValidatorFactory-scoped parameter name provider.
14:44:55.277 [RMI TCP Connection(9)-127.0.0.1] DEBUG org.hibernate.validator.internal.engine.ValidatorFactoryImpl - HV000234: Using org.hibernate.validator.internal.engine.DefaultClockProvider as ValidatorFactory-scoped clock provider.
14:44:55.277 [RMI TCP Connection(9)-127.0.0.1] DEBUG org.hibernate.validator.internal.engine.ValidatorFactoryImpl - HV000234: Using org.hibernate.validator.internal.engine.scripting.DefaultScriptEvaluatorFactory as ValidatorFactory-scoped script evaluator factory.
14:45:15.464 [http-nio-8080-exec-15] DEBUG org.mybatis.spring.SqlSessionUtils - Creating a new SqlSession
14:45:15.474 [http-nio-8080-exec-15] DEBUG org.mybatis.spring.SqlSessionUtils - SqlSession [org.apache.ibatis.session.defaults.DefaultSqlSession@59423e9d] was not registered for synchronization because synchronization is not active
14:45:16.476 [http-nio-8080-exec-15] INFO  com.alibaba.druid.pool.DruidDataSource - {dataSource-1} inited
14:45:16.476 [http-nio-8080-exec-15] DEBUG org.mybatis.spring.transaction.SpringManagedTransaction - JDBC Connection [com.mysql.jdbc.JDBC4Connection@574874a4] will not be managed by Spring
14:45:16.486 [http-nio-8080-exec-15] DEBUG com.example.dao.user.UserDao.queryUser - ==>  Preparing: SELECT * FROM user_info where username = ? AND password = ? 
14:45:16.486 [http-nio-8080-exec-15] DEBUG com.example.dao.user.UserDao.queryUser - ==>  Preparing: SELECT * FROM user_info where username = ? AND password = ? 
14:45:16.506 [http-nio-8080-exec-15] DEBUG com.example.dao.user.UserDao.queryUser - ==> Parameters: admin(String), admin(String)
14:45:16.506 [http-nio-8080-exec-15] DEBUG com.example.dao.user.UserDao.queryUser - ==> Parameters: admin(String), admin(String)
14:45:16.576 [http-nio-8080-exec-15] DEBUG com.example.dao.user.UserDao.queryUser - <==      Total: 1
14:45:16.576 [http-nio-8080-exec-15] DEBUG com.example.dao.user.UserDao.queryUser - <==      Total: 1
14:45:16.576 [http-nio-8080-exec-15] DEBUG org.mybatis.spring.SqlSessionUtils - Closing non transactional SqlSession [org.apache.ibatis.session.defaults.DefaultSqlSession@59423e9d]
14:45:16.586 [http-nio-8080-exec-15] INFO  com.example.controller.SubmitController - submit called
14:45:16.675 [http-nio-8080-exec-18] INFO  com.example.controller.SubmitController - turnToUserInfo called
14:45:17.954 [http-nio-8080-exec-11] INFO  com.example.controller.HomeController - queryList called
14:45:17.955 [http-nio-8080-exec-11] DEBUG org.mybatis.spring.SqlSessionUtils - Creating a new SqlSession
14:45:17.955 [http-nio-8080-exec-11] DEBUG org.mybatis.spring.SqlSessionUtils - SqlSession [org.apache.ibatis.session.defaults.DefaultSqlSession@4c3e584a] was not registered for synchronization because synchronization is not active
14:45:17.955 [http-nio-8080-exec-11] DEBUG org.mybatis.spring.transaction.SpringManagedTransaction - JDBC Connection [com.mysql.jdbc.JDBC4Connection@574874a4] will not be managed by Spring
14:45:17.956 [http-nio-8080-exec-11] DEBUG com.example.dao.typeinfo.TypeInfoDao.queryAllTypeInfo - ==>  Preparing: SELECT * FROM type_info ORDER BY id 
14:45:17.956 [http-nio-8080-exec-11] DEBUG com.example.dao.typeinfo.TypeInfoDao.queryAllTypeInfo - ==>  Preparing: SELECT * FROM type_info ORDER BY id 
14:45:17.956 [http-nio-8080-exec-11] DEBUG com.example.dao.typeinfo.TypeInfoDao.queryAllTypeInfo - ==> Parameters: 
14:45:17.956 [http-nio-8080-exec-11] DEBUG com.example.dao.typeinfo.TypeInfoDao.queryAllTypeInfo - ==> Parameters: 
14:45:18.001 [http-nio-8080-exec-11] DEBUG com.example.dao.typeinfo.TypeInfoDao.queryAllTypeInfo - <==      Total: 3
14:45:18.001 [http-nio-8080-exec-11] DEBUG com.example.dao.typeinfo.TypeInfoDao.queryAllTypeInfo - <==      Total: 3
14:45:18.001 [http-nio-8080-exec-11] DEBUG org.mybatis.spring.SqlSessionUtils - Closing non transactional SqlSession [org.apache.ibatis.session.defaults.DefaultSqlSession@4c3e584a]
14:45:25.003 [http-nio-8080-exec-17] INFO  com.example.controller.HomeController - typeChange called
14:45:25.003 [http-nio-8080-exec-17] DEBUG org.mybatis.spring.SqlSessionUtils - Creating a new SqlSession
14:45:25.003 [http-nio-8080-exec-17] DEBUG org.mybatis.spring.SqlSessionUtils - SqlSession [org.apache.ibatis.session.defaults.DefaultSqlSession@3cbefe13] was not registered for synchronization because synchronization is not active
14:45:25.013 [http-nio-8080-exec-17] DEBUG org.mybatis.spring.transaction.SpringManagedTransaction - JDBC Connection [com.mysql.jdbc.JDBC4Connection@574874a4] will not be managed by Spring
14:45:25.013 [http-nio-8080-exec-17] DEBUG com.example.dao.typeinfo.TypeInfoDao.insertTypeInfo - ==>  Preparing: INSERT INTO type_info (sort,name) VALUES (?,?) 
14:45:25.013 [http-nio-8080-exec-17] DEBUG com.example.dao.typeinfo.TypeInfoDao.insertTypeInfo - ==>  Preparing: INSERT INTO type_info (sort,name) VALUES (?,?) 
14:45:25.013 [http-nio-8080-exec-17] DEBUG com.example.dao.typeinfo.TypeInfoDao.insertTypeInfo - ==> Parameters: 5(String), javafe(String)
14:45:25.013 [http-nio-8080-exec-17] DEBUG com.example.dao.typeinfo.TypeInfoDao.insertTypeInfo - ==> Parameters: 5(String), javafe(String)
14:45:25.053 [http-nio-8080-exec-17] DEBUG com.example.dao.typeinfo.TypeInfoDao.insertTypeInfo - <==    Updates: 1
14:45:25.053 [http-nio-8080-exec-17] DEBUG com.example.dao.typeinfo.TypeInfoDao.insertTypeInfo - <==    Updates: 1
14:45:25.053 [http-nio-8080-exec-17] DEBUG org.mybatis.spring.SqlSessionUtils - Closing non transactional SqlSession [org.apache.ibatis.session.defaults.DefaultSqlSession@3cbefe13]
14:45:25.081 [http-nio-8080-exec-16] INFO  com.example.controller.HomeController - queryList called
14:45:25.082 [http-nio-8080-exec-16] DEBUG org.mybatis.spring.SqlSessionUtils - Creating a new SqlSession
14:45:25.082 [http-nio-8080-exec-16] DEBUG org.mybatis.spring.SqlSessionUtils - SqlSession [org.apache.ibatis.session.defaults.DefaultSqlSession@486ecdb4] was not registered for synchronization because synchronization is not active
14:45:25.084 [http-nio-8080-exec-16] DEBUG org.mybatis.spring.transaction.SpringManagedTransaction - JDBC Connection [com.mysql.jdbc.JDBC4Connection@574874a4] will not be managed by Spring
14:45:25.084 [http-nio-8080-exec-16] DEBUG com.example.dao.typeinfo.TypeInfoDao.queryAllTypeInfo - ==>  Preparing: SELECT * FROM type_info ORDER BY id 
14:45:25.084 [http-nio-8080-exec-16] DEBUG com.example.dao.typeinfo.TypeInfoDao.queryAllTypeInfo - ==>  Preparing: SELECT * FROM type_info ORDER BY id 
14:45:25.085 [http-nio-8080-exec-16] DEBUG com.example.dao.typeinfo.TypeInfoDao.queryAllTypeInfo - ==> Parameters: 
14:45:25.085 [http-nio-8080-exec-16] DEBUG com.example.dao.typeinfo.TypeInfoDao.queryAllTypeInfo - ==> Parameters: 
14:45:25.131 [http-nio-8080-exec-16] DEBUG com.example.dao.typeinfo.TypeInfoDao.queryAllTypeInfo - <==      Total: 4
14:45:25.131 [http-nio-8080-exec-16] DEBUG com.example.dao.typeinfo.TypeInfoDao.queryAllTypeInfo - <==      Total: 4
14:45:25.131 [http-nio-8080-exec-16] DEBUG org.mybatis.spring.SqlSessionUtils - Closing non transactional SqlSession [org.apache.ibatis.session.defaults.DefaultSqlSession@486ecdb4]
14:47:17.698 [RMI TCP Connection(12)-127.0.0.1] INFO  org.hibernate.validator.internal.util.Version - HV000001: Hibernate Validator 6.0.9.Final
14:47:28.680 [http-nio-8080-exec-25] INFO  com.alibaba.druid.pool.DruidDataSource - {dataSource-1} inited
14:47:28.757 [http-nio-8080-exec-25] INFO  com.example.controller.SubmitController - submit called
14:47:28.852 [http-nio-8080-exec-23] INFO  com.example.controller.SubmitController - turnToUserInfo called
14:47:29.925 [http-nio-8080-exec-21] INFO  com.example.controller.HomeController - queryList called
14:47:38.012 [http-nio-8080-exec-26] INFO  com.example.controller.HomeController - typeChange called
14:47:38.081 [http-nio-8080-exec-22] INFO  com.example.controller.HomeController - queryList called
